TN:
SF:F:\Dev\BoardOS\client\app\app.js
FN:28,(anonymous_1)
FN:49,(anonymous_2)
FN:83,(anonymous_3)
FN:86,(anonymous_4)
FN:95,(anonymous_5)
FN:258,(anonymous_6)
FN:287,(anonymous_7)
FN:289,(anonymous_8)
FN:296,(anonymous_9)
FN:300,(anonymous_10)
FN:303,(anonymous_11)
FN:312,(anonymous_12)
FN:314,(anonymous_13)
FN:321,cb
FN:326,(anonymous_15)
FN:343,(anonymous_16)
FN:352,(anonymous_17)
FNF:17
FNH:11
FNDA:32,(anonymous_1)
FNDA:32,(anonymous_2)
FNDA:32,(anonymous_3)
FNDA:75,(anonymous_4)
FNDA:0,(anonymous_5)
FNDA:32,(anonymous_6)
FNDA:15,(anonymous_7)
FNDA:15,(anonymous_8)
FNDA:15,(anonymous_9)
FNDA:15,(anonymous_10)
FNDA:0,(anonymous_11)
FNDA:0,(anonymous_12)
FNDA:0,(anonymous_13)
FNDA:32,cb
FNDA:0,(anonymous_15)
FNDA:0,(anonymous_16)
FNDA:32,(anonymous_17)
DA:3,1
DA:29,32
DA:30,32
DA:31,32
DA:34,32
DA:35,32
DA:38,32
DA:39,32
DA:40,32
DA:42,32
DA:58,32
DA:60,32
DA:70,32
DA:73,32
DA:79,32
DA:84,32
DA:87,75
DA:88,75
DA:89,0
DA:91,75
DA:96,0
DA:97,0
DA:99,0
DA:100,0
DA:102,0
DA:260,32
DA:262,32
DA:263,32
DA:264,32
DA:266,32
DA:267,32
DA:268,32
DA:269,32
DA:270,32
DA:271,32
DA:272,32
DA:273,32
DA:274,32
DA:278,32
DA:279,32
DA:280,32
DA:281,32
DA:282,32
DA:283,32
DA:284,32
DA:287,32
DA:288,15
DA:289,15
DA:290,15
DA:296,32
DA:297,15
DA:300,32
DA:301,15
DA:303,32
DA:304,0
DA:305,0
DA:306,0
DA:307,0
DA:308,0
DA:312,32
DA:314,0
DA:315,0
DA:316,0
DA:321,1
DA:322,32
DA:324,32
DA:326,32
DA:327,0
DA:343,0
DA:344,0
DA:345,0
DA:346,0
DA:354,32
DA:355,32
DA:356,32
DA:359,32
LF:76
LH:57
BRDA:34,1,0,32
BRDA:34,1,1,0
BRDA:87,2,0,75
BRDA:87,2,1,0
BRDA:88,3,0,0
BRDA:88,3,1,75
BRDA:96,4,0,0
BRDA:96,4,1,0
BRDA:267,5,0,32
BRDA:267,5,1,0
BRDA:315,6,0,0
BRDA:315,6,1,0
BRDA:315,7,0,0
BRDA:315,7,1,0
BRF:14
BRH:4
end_of_record
TN:
SF:F:\Dev\BoardOS\client\app\KPI\KPI.controller.js
FN:5,(anonymous_1)
FN:21,(anonymous_2)
FN:37,(anonymous_3)
FN:46,(anonymous_4)
FN:56,(anonymous_5)
FN:96,(anonymous_6)
FN:102,(anonymous_7)
FN:128,(anonymous_8)
FN:135,(anonymous_9)
FN:143,(anonymous_10)
FN:152,(anonymous_11)
FN:156,(anonymous_12)
FN:157,(anonymous_13)
FN:159,(anonymous_14)
FN:166,(anonymous_15)
FN:181,(anonymous_16)
FN:182,(anonymous_17)
FN:190,(anonymous_18)
FNF:18
FNH:0
FNDA:0,(anonymous_1)
FNDA:0,(anonymous_2)
FNDA:0,(anonymous_3)
FNDA:0,(anonymous_4)
FNDA:0,(anonymous_5)
FNDA:0,(anonymous_6)
FNDA:0,(anonymous_7)
FNDA:0,(anonymous_8)
FNDA:0,(anonymous_9)
FNDA:0,(anonymous_10)
FNDA:0,(anonymous_11)
FNDA:0,(anonymous_12)
FNDA:0,(anonymous_13)
FNDA:0,(anonymous_14)
FNDA:0,(anonymous_15)
FNDA:0,(anonymous_16)
FNDA:0,(anonymous_17)
FNDA:0,(anonymous_18)
DA:4,1
DA:7,0
DA:8,0
DA:9,0
DA:11,0
DA:12,0
DA:13,0
DA:14,0
DA:15,0
DA:17,0
DA:19,0
DA:21,0
DA:22,0
DA:26,0
DA:37,0
DA:38,0
DA:39,0
DA:40,0
DA:41,0
DA:42,0
DA:43,0
DA:46,0
DA:47,0
DA:48,0
DA:49,0
DA:50,0
DA:51,0
DA:52,0
DA:53,0
DA:56,0
DA:57,0
DA:58,0
DA:59,0
DA:64,0
DA:65,0
DA:66,0
DA:75,0
DA:77,0
DA:79,0
DA:80,0
DA:81,0
DA:82,0
DA:89,0
DA:90,0
DA:96,0
DA:97,0
DA:98,0
DA:99,0
DA:102,0
DA:105,0
DA:106,0
DA:107,0
DA:108,0
DA:109,0
DA:110,0
DA:111,0
DA:112,0
DA:113,0
DA:114,0
DA:115,0
DA:116,0
DA:117,0
DA:118,0
DA:119,0
DA:120,0
DA:121,0
DA:122,0
DA:124,0
DA:125,0
DA:127,0
DA:128,0
DA:129,0
DA:130,0
DA:131,0
DA:135,0
DA:136,0
DA:137,0
DA:143,0
DA:144,0
DA:145,0
DA:146,0
DA:152,0
DA:153,0
DA:156,0
DA:157,0
DA:158,0
DA:159,0
DA:160,0
DA:161,0
DA:166,0
DA:167,0
DA:169,0
DA:173,0
DA:178,0
DA:179,0
DA:181,0
DA:182,0
DA:183,0
DA:184,0
DA:185,0
DA:186,0
DA:190,0
DA:192,0
LF:103
LH:1
BRDA:22,1,0,0
BRDA:22,1,1,0
BRDA:26,2,0,0
BRDA:26,2,1,0
BRDA:39,3,0,0
BRDA:39,3,1,0
BRDA:40,4,0,0
BRDA:40,4,1,0
BRDA:42,5,0,0
BRDA:42,5,1,0
BRDA:42,6,0,0
BRDA:42,6,1,0
BRDA:57,7,0,0
BRDA:57,7,1,0
BRDA:57,8,0,0
BRDA:57,8,1,0
BRDA:58,9,0,0
BRDA:58,9,1,0
BRDA:58,10,0,0
BRDA:58,10,1,0
BRDA:59,11,0,0
BRDA:59,11,1,0
BRDA:59,12,0,0
BRDA:59,12,1,0
BRDA:64,13,0,0
BRDA:64,13,1,0
BRDA:64,14,0,0
BRDA:64,14,1,0
BRDA:65,15,0,0
BRDA:65,15,1,0
BRDA:65,16,0,0
BRDA:65,16,1,0
BRDA:66,17,0,0
BRDA:66,17,1,0
BRDA:66,18,0,0
BRDA:66,18,1,0
BRDA:75,19,0,0
BRDA:75,19,1,0
BRDA:77,20,0,0
BRDA:77,20,1,0
BRDA:81,21,0,0
BRDA:81,21,1,0
BRDA:82,22,0,0
BRDA:82,22,1,0
BRDA:82,23,0,0
BRDA:82,23,1,0
BRDA:82,23,2,0
BRDA:82,23,3,0
BRDA:105,24,0,0
BRDA:105,24,1,0
BRDA:106,25,0,0
BRDA:106,25,1,0
BRDA:127,26,0,0
BRDA:127,26,1,0
BRDA:158,27,0,0
BRDA:158,27,1,0
BRDA:183,28,0,0
BRDA:183,28,1,0
BRDA:183,29,0,0
BRDA:183,29,1,0
BRDA:183,29,2,0
BRDA:184,30,0,0
BRDA:184,30,1,0
BRDA:185,31,0,0
BRDA:185,31,1,0
BRDA:185,32,0,0
BRDA:185,32,1,0
BRDA:186,33,0,0
BRDA:186,33,1,0
BRDA:186,33,2,0
BRF:70
BRH:0
end_of_record
TN:
SF:F:\Dev\BoardOS\client\app\KPI\KPI.js
FN:4,(anonymous_1)
FNF:1
FNH:1
FNDA:32,(anonymous_1)
DA:3,1
DA:5,32
LF:2
LH:2
BRF:0
BRH:0
end_of_record
TN:
SF:F:\Dev\BoardOS\client\app\KPIs\KPIs.controller.js
FN:5,(anonymous_1)
FN:14,(anonymous_2)
FN:15,(anonymous_3)
FN:20,(anonymous_4)
FN:38,(anonymous_5)
FN:47,(anonymous_6)
FN:51,(anonymous_7)
FN:52,(anonymous_8)
FN:54,(anonymous_9)
FN:65,(anonymous_10)
FN:72,(anonymous_11)
FN:81,(anonymous_12)
FN:96,(anonymous_13)
FN:99,(anonymous_14)
FN:112,(anonymous_15)
FN:128,(anonymous_16)
FN:144,(anonymous_17)
FN:157,(anonymous_18)
FN:170,(anonymous_19)
FN:181,(anonymous_20)
FN:192,(anonymous_21)
FN:204,(anonymous_22)
FN:211,(anonymous_23)
FN:219,(anonymous_24)
FN:231,(anonymous_25)
FN:240,(anonymous_26)
FNF:26
FNH:0
FNDA:0,(anonymous_1)
FNDA:0,(anonymous_2)
FNDA:0,(anonymous_3)
FNDA:0,(anonymous_4)
FNDA:0,(anonymous_5)
FNDA:0,(anonymous_6)
FNDA:0,(anonymous_7)
FNDA:0,(anonymous_8)
FNDA:0,(anonymous_9)
FNDA:0,(anonymous_10)
FNDA:0,(anonymous_11)
FNDA:0,(anonymous_12)
FNDA:0,(anonymous_13)
FNDA:0,(anonymous_14)
FNDA:0,(anonymous_15)
FNDA:0,(anonymous_16)
FNDA:0,(anonymous_17)
FNDA:0,(anonymous_18)
FNDA:0,(anonymous_19)
FNDA:0,(anonymous_20)
FNDA:0,(anonymous_21)
FNDA:0,(anonymous_22)
FNDA:0,(anonymous_23)
FNDA:0,(anonymous_24)
FNDA:0,(anonymous_25)
FNDA:0,(anonymous_26)
DA:4,1
DA:6,0
DA:7,0
DA:8,0
DA:12,0
DA:14,0
DA:15,0
DA:16,0
DA:20,0
DA:21,0
DA:23,0
DA:24,0
DA:25,0
DA:27,0
DA:28,0
DA:31,0
DA:32,0
DA:38,0
DA:39,0
DA:40,0
DA:41,0
DA:47,0
DA:48,0
DA:51,0
DA:52,0
DA:53,0
DA:54,0
DA:55,0
DA:56,0
DA:63,0
DA:65,0
DA:68,0
DA:71,0
DA:73,0
DA:77,0
DA:78,0
DA:82,0
DA:88,0
DA:97,0
DA:99,0
DA:100,0
DA:101,0
DA:102,0
DA:103,0
DA:105,0
DA:109,0
DA:113,0
DA:119,0
DA:129,0
DA:135,0
DA:145,0
DA:151,0
DA:158,0
DA:162,0
DA:171,0
DA:175,0
DA:182,0
DA:186,0
DA:193,0
DA:198,0
DA:205,0
DA:210,0
DA:212,0
DA:218,0
DA:220,0
DA:225,0
DA:232,0
DA:236,0
DA:241,0
LF:69
LH:1
BRDA:23,1,0,0
BRDA:23,1,1,0
BRDA:53,2,0,0
BRDA:53,2,1,0
BRDA:97,3,0,0
BRDA:97,3,1,0
BRDA:100,4,0,0
BRDA:100,4,1,0
BRDA:102,5,0,0
BRDA:102,5,1,0
BRF:10
BRH:0
end_of_record
TN:
SF:F:\Dev\BoardOS\client\app\KPIs\KPIs.js
FN:4,(anonymous_1)
FNF:1
FNH:1
FNDA:32,(anonymous_1)
DA:3,1
DA:5,32
LF:2
LH:2
BRF:0
BRH:0
end_of_record
TN:
SF:F:\Dev\BoardOS\client\app\about\about.controller.js
FN:4,(anonymous_1)
FNF:1
FNH:1
FNDA:1,(anonymous_1)
DA:3,1
DA:5,1
LF:2
LH:2
BRF:0
BRH:0
end_of_record
TN:
SF:F:\Dev\BoardOS\client\app\about\about.controller.spec.js
FN:3,(anonymous_1)
FN:11,(anonymous_2)
FN:18,(anonymous_3)
FNF:3
FNH:3
FNDA:1,(anonymous_1)
FNDA:1,(anonymous_2)
FNDA:1,(anonymous_3)
DA:3,1
DA:6,1
DA:8,1
DA:11,1
DA:12,1
DA:13,1
DA:18,1
DA:19,1
LF:8
LH:8
BRF:0
BRH:0
end_of_record
TN:
SF:F:\Dev\BoardOS\client\app\about\about.js
FN:4,(anonymous_1)
FNF:1
FNH:1
FNDA:32,(anonymous_1)
DA:3,1
DA:5,32
LF:2
LH:2
BRF:0
BRH:0
end_of_record
TN:
SF:F:\Dev\BoardOS\client\app\account\account.js
FN:4,(anonymous_1)
FNF:1
FNH:1
FNDA:32,(anonymous_1)
DA:3,1
DA:5,32
LF:2
LH:2
BRF:0
BRH:0
end_of_record
TN:
SF:F:\Dev\BoardOS\client\app\account\forgot\forgot.controller.js
FN:4,(anonymous_1)
FN:8,(anonymous_2)
FN:14,(anonymous_3)
FNF:3
FNH:0
FNDA:0,(anonymous_1)
FNDA:0,(anonymous_2)
FNDA:0,(anonymous_3)
DA:3,1
DA:5,0
DA:6,0
DA:8,0
DA:9,0
DA:10,0
DA:15,0
LF:7
LH:1
BRDA:9,1,0,0
BRDA:9,1,1,0
BRF:2
BRH:0
end_of_record
TN:
SF:F:\Dev\BoardOS\client\app\account\login\login.controller.js
FN:4,(anonymous_1)
FN:8,(anonymous_2)
FN:12,(anonymous_3)
FN:20,(anonymous_4)
FN:25,(anonymous_5)
FN:31,(anonymous_6)
FNF:6
FNH:0
FNDA:0,(anonymous_1)
FNDA:0,(anonymous_2)
FNDA:0,(anonymous_3)
FNDA:0,(anonymous_4)
FNDA:0,(anonymous_5)
FNDA:0,(anonymous_6)
DA:3,1
DA:5,0
DA:6,0
DA:8,0
DA:12,0
DA:13,0
DA:15,0
DA:16,0
DA:22,0
DA:23,0
DA:26,0
DA:31,0
DA:32,0
LF:13
LH:1
BRDA:15,1,0,0
BRDA:15,1,1,0
BRF:2
BRH:0
end_of_record
TN:
SF:F:\Dev\BoardOS\client\app\account\reset\reset.controller.js
FN:4,(anonymous_1)
FN:6,(anonymous_2)
FN:17,(anonymous_3)
FNF:3
FNH:0
FNDA:0,(anonymous_1)
FNDA:0,(anonymous_2)
FNDA:0,(anonymous_3)
DA:3,1
DA:5,0
DA:6,0
DA:7,0
DA:10,0
DA:11,0
DA:18,0
DA:21,0
LF:8
LH:1
BRDA:10,1,0,0
BRDA:10,1,1,0
BRDA:10,2,0,0
BRDA:10,2,1,0
BRF:4
BRH:0
end_of_record
TN:
SF:F:\Dev\BoardOS\client\app\account\settings\settings.controller.js
FN:4,(anonymous_1)
FN:54,(anonymous_2)
FN:56,(anonymous_3)
FN:66,(anonymous_4)
FN:67,(anonymous_5)
FN:73,(anonymous_6)
FN:77,(anonymous_7)
FN:80,(anonymous_8)
FN:88,(anonymous_9)
FN:89,(anonymous_10)
FN:91,(anonymous_11)
FN:102,(anonymous_12)
FN:109,(anonymous_13)
FN:114,(anonymous_14)
FNF:14
FNH:0
FNDA:0,(anonymous_1)
FNDA:0,(anonymous_2)
FNDA:0,(anonymous_3)
FNDA:0,(anonymous_4)
FNDA:0,(anonymous_5)
FNDA:0,(anonymous_6)
FNDA:0,(anonymous_7)
FNDA:0,(anonymous_8)
FNDA:0,(anonymous_9)
FNDA:0,(anonymous_10)
FNDA:0,(anonymous_11)
FNDA:0,(anonymous_12)
FNDA:0,(anonymous_13)
FNDA:0,(anonymous_14)
DA:3,1
DA:5,0
DA:6,0
DA:8,0
DA:9,0
DA:28,0
DA:54,0
DA:55,0
DA:56,0
DA:57,0
DA:58,0
DA:61,0
DA:64,0
DA:66,0
DA:67,0
DA:68,0
DA:72,0
DA:73,0
DA:74,0
DA:75,0
DA:76,0
DA:78,0
DA:81,0
DA:82,0
DA:83,0
DA:88,0
DA:89,0
DA:90,0
DA:91,0
DA:92,0
DA:93,0
DA:102,0
DA:103,0
DA:104,0
DA:114,0
DA:115,0
LF:36
LH:1
BRDA:57,1,0,0
BRDA:57,1,1,0
BRDA:57,2,0,0
BRDA:57,2,1,0
BRDA:61,3,0,0
BRDA:61,3,1,0
BRDA:75,4,0,0
BRDA:75,4,1,0
BRDA:90,5,0,0
BRDA:90,5,1,0
BRF:10
BRH:0
end_of_record
TN:
SF:F:\Dev\BoardOS\client\app\account\signup\signup.controller.js
FN:4,(anonymous_1)
FN:8,(anonymous_2)
FN:18,(anonymous_3)
FN:22,(anonymous_4)
FN:27,(anonymous_5)
FN:35,(anonymous_6)
FNF:6
FNH:0
FNDA:0,(anonymous_1)
FNDA:0,(anonymous_2)
FNDA:0,(anonymous_3)
FNDA:0,(anonymous_4)
FNDA:0,(anonymous_5)
FNDA:0,(anonymous_6)
DA:3,1
DA:5,0
DA:6,0
DA:8,0
DA:9,0
DA:12,0
DA:13,0
DA:20,0
DA:23,0
DA:24,0
DA:27,0
DA:28,0
DA:29,0
DA:35,0
DA:36,0
LF:15
LH:1
BRDA:12,1,0,0
BRDA:12,1,1,0
BRF:2
BRH:0
end_of_record
TN:
SF:F:\Dev\BoardOS\client\app\admin\admin.controller.js
FN:4,(anonymous_1)
FN:15,(anonymous_2)
FN:16,(anonymous_3)
FN:24,(anonymous_4)
FN:28,(anonymous_5)
FN:35,(anonymous_6)
FN:39,(anonymous_7)
FN:44,(anonymous_8)
FN:50,(anonymous_9)
FN:83,(anonymous_10)
FN:92,(anonymous_11)
FN:93,(anonymous_12)
FN:96,(anonymous_13)
FN:109,(anonymous_14)
FN:113,(anonymous_15)
FN:117,(anonymous_16)
FN:125,(anonymous_17)
FN:126,(anonymous_18)
FN:132,(anonymous_19)
FN:136,(anonymous_20)
FN:142,(anonymous_21)
FN:146,(anonymous_22)
FN:152,(anonymous_23)
FN:156,(anonymous_24)
FN:162,(anonymous_25)
FNF:25
FNH:0
FNDA:0,(anonymous_1)
FNDA:0,(anonymous_2)
FNDA:0,(anonymous_3)
FNDA:0,(anonymous_4)
FNDA:0,(anonymous_5)
FNDA:0,(anonymous_6)
FNDA:0,(anonymous_7)
FNDA:0,(anonymous_8)
FNDA:0,(anonymous_9)
FNDA:0,(anonymous_10)
FNDA:0,(anonymous_11)
FNDA:0,(anonymous_12)
FNDA:0,(anonymous_13)
FNDA:0,(anonymous_14)
FNDA:0,(anonymous_15)
FNDA:0,(anonymous_16)
FNDA:0,(anonymous_17)
FNDA:0,(anonymous_18)
FNDA:0,(anonymous_19)
FNDA:0,(anonymous_20)
FNDA:0,(anonymous_21)
FNDA:0,(anonymous_22)
FNDA:0,(anonymous_23)
FNDA:0,(anonymous_24)
FNDA:0,(anonymous_25)
DA:3,1
DA:8,0
DA:9,0
DA:10,0
DA:11,0
DA:12,0
DA:13,0
DA:14,0
DA:15,0
DA:16,0
DA:17,0
DA:24,0
DA:25,0
DA:28,0
DA:29,0
DA:30,0
DA:35,0
DA:36,0
DA:40,0
DA:44,0
DA:45,0
DA:47,0
DA:50,0
DA:52,0
DA:80,0
DA:83,0
DA:84,0
DA:85,0
DA:87,0
DA:88,0
DA:92,0
DA:93,0
DA:94,0
DA:95,0
DA:96,0
DA:97,0
DA:98,0
DA:101,0
DA:102,0
DA:103,0
DA:104,0
DA:109,0
DA:110,0
DA:113,0
DA:114,0
DA:117,0
DA:119,0
DA:120,0
DA:122,0
DA:125,0
DA:126,0
DA:127,0
DA:129,0
DA:132,0
DA:133,0
DA:142,0
DA:143,0
DA:144,0
DA:147,0
DA:152,0
DA:153,0
DA:156,0
DA:157,0
DA:163,0
DA:164,0
LF:65
LH:1
BRDA:29,1,0,0
BRDA:29,1,1,0
BRDA:84,2,0,0
BRDA:84,2,1,0
BRDA:94,3,0,0
BRDA:94,3,1,0
BRDA:95,4,0,0
BRDA:95,4,1,0
BRDA:97,5,0,0
BRDA:97,5,1,0
BRDA:101,6,0,0
BRDA:101,6,1,0
BRDA:103,7,0,0
BRDA:103,7,1,0
BRDA:103,7,2,0
BRDA:103,7,3,0
BRDA:119,8,0,0
BRDA:119,8,1,0
BRF:18
BRH:0
end_of_record
TN:
SF:F:\Dev\BoardOS\client\app\admin\admin.js
FN:4,(anonymous_1)
FNF:1
FNH:1
FNDA:32,(anonymous_1)
DA:3,1
DA:5,32
LF:2
LH:2
BRF:0
BRH:0
end_of_record
TN:
SF:F:\Dev\BoardOS\client\app\anomalie\anomalie.controller.js
FN:5,(anonymous_1)
FN:10,(anonymous_2)
FN:15,(anonymous_3)
FN:20,(anonymous_4)
FN:21,(anonymous_5)
FN:23,(anonymous_6)
FN:31,(anonymous_7)
FN:34,(anonymous_8)
FN:47,(anonymous_9)
FN:49,(anonymous_10)
FN:58,(anonymous_11)
FN:60,(anonymous_12)
FN:77,(anonymous_13)
FN:106,(anonymous_14)
FN:108,(anonymous_15)
FN:117,(anonymous_16)
FN:118,(anonymous_17)
FN:144,(anonymous_18)
FN:157,(anonymous_19)
FN:168,(anonymous_20)
FN:171,(anonymous_21)
FN:180,(anonymous_22)
FN:182,(anonymous_23)
FN:184,(anonymous_24)
FN:195,(anonymous_25)
FN:199,(anonymous_26)
FN:207,(anonymous_27)
FN:212,(anonymous_28)
FN:222,(anonymous_29)
FN:236,(anonymous_30)
FN:250,(anonymous_31)
FN:251,(anonymous_32)
FN:322,(anonymous_33)
FN:324,(anonymous_34)
FN:358,(anonymous_35)
FN:366,(anonymous_36)
FN:370,(anonymous_37)
FN:377,(anonymous_38)
FN:381,(anonymous_39)
FN:386,(anonymous_40)
FN:390,(anonymous_41)
FN:409,(anonymous_42)
FN:438,(anonymous_43)
FNF:43
FNH:0
FNDA:0,(anonymous_1)
FNDA:0,(anonymous_2)
FNDA:0,(anonymous_3)
FNDA:0,(anonymous_4)
FNDA:0,(anonymous_5)
FNDA:0,(anonymous_6)
FNDA:0,(anonymous_7)
FNDA:0,(anonymous_8)
FNDA:0,(anonymous_9)
FNDA:0,(anonymous_10)
FNDA:0,(anonymous_11)
FNDA:0,(anonymous_12)
FNDA:0,(anonymous_13)
FNDA:0,(anonymous_14)
FNDA:0,(anonymous_15)
FNDA:0,(anonymous_16)
FNDA:0,(anonymous_17)
FNDA:0,(anonymous_18)
FNDA:0,(anonymous_19)
FNDA:0,(anonymous_20)
FNDA:0,(anonymous_21)
FNDA:0,(anonymous_22)
FNDA:0,(anonymous_23)
FNDA:0,(anonymous_24)
FNDA:0,(anonymous_25)
FNDA:0,(anonymous_26)
FNDA:0,(anonymous_27)
FNDA:0,(anonymous_28)
FNDA:0,(anonymous_29)
FNDA:0,(anonymous_30)
FNDA:0,(anonymous_31)
FNDA:0,(anonymous_32)
FNDA:0,(anonymous_33)
FNDA:0,(anonymous_34)
FNDA:0,(anonymous_35)
FNDA:0,(anonymous_36)
FNDA:0,(anonymous_37)
FNDA:0,(anonymous_38)
FNDA:0,(anonymous_39)
FNDA:0,(anonymous_40)
FNDA:0,(anonymous_41)
FNDA:0,(anonymous_42)
FNDA:0,(anonymous_43)
DA:4,1
DA:7,0
DA:8,0
DA:10,0
DA:11,0
DA:15,0
DA:16,0
DA:17,0
DA:20,0
DA:21,0
DA:22,0
DA:23,0
DA:24,0
DA:26,0
DA:31,0
DA:32,0
DA:35,0
DA:36,0
DA:37,0
DA:38,0
DA:39,0
DA:47,0
DA:49,0
DA:50,0
DA:51,0
DA:52,0
DA:58,0
DA:60,0
DA:61,0
DA:63,0
DA:77,0
DA:78,0
DA:81,0
DA:84,0
DA:106,0
DA:107,0
DA:108,0
DA:109,0
DA:110,0
DA:113,0
DA:117,0
DA:118,0
DA:119,0
DA:120,0
DA:121,0
DA:123,0
DA:124,0
DA:128,0
DA:129,0
DA:131,0
DA:137,0
DA:139,0
DA:140,0
DA:144,0
DA:145,0
DA:147,0
DA:152,0
DA:153,0
DA:157,0
DA:158,0
DA:160,0
DA:167,0
DA:168,0
DA:169,0
DA:171,0
DA:172,0
DA:173,0
DA:176,0
DA:180,0
DA:181,0
DA:182,0
DA:183,0
DA:184,0
DA:185,0
DA:186,0
DA:187,0
DA:195,0
DA:196,0
DA:197,0
DA:200,0
DA:205,0
DA:207,0
DA:208,0
DA:210,0
DA:212,0
DA:213,0
DA:222,0
DA:224,0
DA:225,0
DA:227,0
DA:229,0
DA:236,0
DA:238,0
DA:239,0
DA:243,0
DA:244,0
DA:245,0
DA:247,0
DA:250,0
DA:251,0
DA:252,0
DA:253,0
DA:255,0
DA:256,0
DA:257,0
DA:259,0
DA:261,0
DA:262,0
DA:263,0
DA:265,0
DA:267,0
DA:268,0
DA:269,0
DA:271,0
DA:274,0
DA:283,0
DA:290,0
DA:299,0
DA:300,0
DA:301,0
DA:302,0
DA:303,0
DA:309,0
DA:310,0
DA:315,0
DA:317,0
DA:318,0
DA:322,0
DA:324,0
DA:325,0
DA:326,0
DA:328,0
DA:329,0
DA:330,0
DA:332,0
DA:334,0
DA:335,0
DA:336,0
DA:338,0
DA:340,0
DA:341,0
DA:342,0
DA:344,0
DA:347,0
DA:360,0
DA:366,0
DA:367,0
DA:370,0
DA:371,0
DA:372,0
DA:373,0
DA:377,0
DA:378,0
DA:379,0
DA:382,0
DA:386,0
DA:387,0
DA:390,0
DA:391,0
DA:395,0
DA:409,0
DA:410,0
DA:413,0
DA:416,0
DA:438,0
DA:439,0
DA:442,0
LF:167
LH:1
BRDA:7,1,0,0
BRDA:7,1,1,0
BRDA:81,2,0,0
BRDA:81,2,1,0
BRDA:81,3,0,0
BRDA:81,3,1,0
BRDA:109,4,0,0
BRDA:109,4,1,0
BRDA:109,5,0,0
BRDA:109,5,1,0
BRDA:113,6,0,0
BRDA:113,6,1,0
BRDA:119,7,0,0
BRDA:119,7,1,0
BRDA:120,8,0,0
BRDA:120,8,1,0
BRDA:123,9,0,0
BRDA:123,9,1,0
BRDA:128,10,0,0
BRDA:128,10,1,0
BRDA:145,11,0,0
BRDA:145,11,1,0
BRDA:158,12,0,0
BRDA:158,12,1,0
BRDA:183,13,0,0
BRDA:183,13,1,0
BRDA:196,14,0,0
BRDA:196,14,1,0
BRDA:239,15,0,0
BRDA:239,15,1,0
BRDA:244,16,0,0
BRDA:244,16,1,0
BRDA:255,17,0,0
BRDA:255,17,1,0
BRDA:256,18,0,0
BRDA:256,18,1,0
BRDA:261,19,0,0
BRDA:261,19,1,0
BRDA:262,20,0,0
BRDA:262,20,1,0
BRDA:267,21,0,0
BRDA:267,21,1,0
BRDA:268,22,0,0
BRDA:268,22,1,0
BRDA:328,23,0,0
BRDA:328,23,1,0
BRDA:329,24,0,0
BRDA:329,24,1,0
BRDA:334,25,0,0
BRDA:334,25,1,0
BRDA:335,26,0,0
BRDA:335,26,1,0
BRDA:340,27,0,0
BRDA:340,27,1,0
BRDA:341,28,0,0
BRDA:341,28,1,0
BRDA:378,29,0,0
BRDA:378,29,1,0
BRDA:413,30,0,0
BRDA:413,30,1,0
BRDA:413,31,0,0
BRDA:413,31,1,0
BRDA:442,32,0,0
BRDA:442,32,1,0
BRDA:442,33,0,0
BRDA:442,33,1,0
BRF:66
BRH:0
end_of_record
TN:
SF:F:\Dev\BoardOS\client\app\anomalie\anomalie.js
FN:4,(anonymous_1)
FNF:1
FNH:1
FNDA:32,(anonymous_1)
DA:3,1
DA:5,32
LF:2
LH:2
BRF:0
BRH:0
end_of_record
TN:
SF:F:\Dev\BoardOS\client\app\anomalies\anomalies.controller.js
FN:5,(anonymous_1)
FN:57,(anonymous_2)
FN:58,(anonymous_3)
FN:71,(anonymous_4)
FN:74,(anonymous_5)
FN:96,(anonymous_6)
FN:103,(anonymous_7)
FN:108,(anonymous_8)
FN:123,(anonymous_9)
FN:127,(anonymous_10)
FN:131,(anonymous_11)
FN:137,(anonymous_12)
FN:143,(anonymous_13)
FN:144,(anonymous_14)
FN:146,(anonymous_15)
FN:179,(anonymous_16)
FN:181,(anonymous_17)
FNF:17
FNH:0
FNDA:0,(anonymous_1)
FNDA:0,(anonymous_2)
FNDA:0,(anonymous_3)
FNDA:0,(anonymous_4)
FNDA:0,(anonymous_5)
FNDA:0,(anonymous_6)
FNDA:0,(anonymous_7)
FNDA:0,(anonymous_8)
FNDA:0,(anonymous_9)
FNDA:0,(anonymous_10)
FNDA:0,(anonymous_11)
FNDA:0,(anonymous_12)
FNDA:0,(anonymous_13)
FNDA:0,(anonymous_14)
FNDA:0,(anonymous_15)
FNDA:0,(anonymous_16)
FNDA:0,(anonymous_17)
DA:4,1
DA:6,0
DA:7,0
DA:8,0
DA:9,0
DA:10,0
DA:11,0
DA:12,0
DA:13,0
DA:14,0
DA:15,0
DA:16,0
DA:17,0
DA:18,0
DA:19,0
DA:20,0
DA:57,0
DA:58,0
DA:60,0
DA:61,0
DA:62,0
DA:63,0
DA:65,0
DA:66,0
DA:67,0
DA:70,0
DA:71,0
DA:72,0
DA:74,0
DA:75,0
DA:76,0
DA:80,0
DA:81,0
DA:82,0
DA:85,0
DA:86,0
DA:87,0
DA:91,0
DA:92,0
DA:96,0
DA:97,0
DA:103,0
DA:104,0
DA:105,0
DA:106,0
DA:107,0
DA:108,0
DA:109,0
DA:110,0
DA:111,0
DA:112,0
DA:113,0
DA:114,0
DA:117,0
DA:118,0
DA:123,0
DA:124,0
DA:127,0
DA:128,0
DA:131,0
DA:132,0
DA:133,0
DA:134,0
DA:137,0
DA:138,0
DA:139,0
DA:140,0
DA:143,0
DA:144,0
DA:145,0
DA:146,0
DA:147,0
DA:148,0
DA:154,0
DA:157,0
DA:179,0
DA:180,0
DA:181,0
DA:182,0
DA:183,0
DA:186,0
LF:81
LH:1
BRDA:60,1,0,0
BRDA:60,1,1,0
BRDA:60,2,0,0
BRDA:60,2,1,0
BRDA:61,3,0,0
BRDA:61,3,1,0
BRDA:62,4,0,0
BRDA:62,4,1,0
BRDA:62,5,0,0
BRDA:62,5,1,0
BRDA:62,5,2,0
BRDA:65,6,0,0
BRDA:65,6,1,0
BRDA:66,7,0,0
BRDA:66,7,1,0
BRDA:66,8,0,0
BRDA:66,8,1,0
BRDA:70,9,0,0
BRDA:70,9,1,0
BRDA:75,10,0,0
BRDA:75,10,1,0
BRDA:80,11,0,0
BRDA:80,11,1,0
BRDA:81,12,0,0
BRDA:81,12,1,0
BRDA:85,13,0,0
BRDA:85,13,1,0
BRDA:86,14,0,0
BRDA:86,14,1,0
BRDA:91,15,0,0
BRDA:91,15,1,0
BRDA:91,15,2,0
BRDA:91,15,3,0
BRDA:91,15,4,0
BRDA:91,15,5,0
BRDA:112,16,0,0
BRDA:112,16,1,0
BRDA:112,17,0,0
BRDA:112,17,1,0
BRDA:112,17,2,0
BRDA:112,17,3,0
BRDA:145,18,0,0
BRDA:145,18,1,0
BRDA:182,19,0,0
BRDA:182,19,1,0
BRDA:182,20,0,0
BRDA:182,20,1,0
BRDA:186,21,0,0
BRDA:186,21,1,0
BRF:49
BRH:0
end_of_record
TN:
SF:F:\Dev\BoardOS\client\app\anomalies\anomalies.js
FN:4,(anonymous_1)
FNF:1
FNH:1
FNDA:32,(anonymous_1)
DA:3,1
DA:5,32
LF:2
LH:2
BRF:0
BRH:0
end_of_record
TN:
SF:F:\Dev\BoardOS\client\app\calendar\calendar.controller.js
FN:4,(anonymous_1)
FN:8,(anonymous_2)
FN:22,(anonymous_3)
FN:69,(anonymous_4)
FN:84,(anonymous_5)
FN:90,(anonymous_6)
FN:97,(anonymous_7)
FN:109,(anonymous_8)
FN:117,(anonymous_9)
FN:126,(anonymous_10)
FN:139,(anonymous_11)
FN:143,(anonymous_12)
FN:144,(anonymous_13)
FN:157,(anonymous_14)
FNF:14
FNH:2
FNDA:1,(anonymous_1)
FNDA:0,(anonymous_2)
FNDA:0,(anonymous_3)
FNDA:0,(anonymous_4)
FNDA:0,(anonymous_5)
FNDA:0,(anonymous_6)
FNDA:0,(anonymous_7)
FNDA:0,(anonymous_8)
FNDA:1,(anonymous_9)
FNDA:0,(anonymous_10)
FNDA:0,(anonymous_11)
FNDA:0,(anonymous_12)
FNDA:0,(anonymous_13)
FNDA:0,(anonymous_14)
DA:3,1
DA:5,1
DA:6,1
DA:8,1
DA:9,0
DA:10,0
DA:11,0
DA:13,0
DA:15,0
DA:17,0
DA:19,0
DA:21,0
DA:22,0
DA:23,0
DA:24,0
DA:26,0
DA:27,0
DA:28,0
DA:30,0
DA:31,0
DA:32,0
DA:35,0
DA:36,0
DA:38,0
DA:39,0
DA:41,0
DA:43,0
DA:44,0
DA:47,0
DA:69,0
DA:70,0
DA:71,0
DA:80,0
DA:84,1
DA:85,0
DA:86,0
DA:90,1
DA:91,0
DA:93,0
DA:94,0
DA:97,0
DA:99,0
DA:100,0
DA:101,0
DA:102,0
DA:106,0
DA:109,1
DA:110,0
DA:111,0
DA:117,1
DA:118,1
DA:120,1
DA:126,1
DA:127,0
DA:132,1
DA:137,1
DA:138,1
DA:139,1
DA:140,0
DA:143,1
DA:144,0
DA:145,0
DA:147,0
DA:150,0
DA:152,0
DA:153,0
DA:157,0
DA:159,0
DA:160,0
LF:69
LH:16
BRDA:9,1,0,0
BRDA:9,1,1,0
BRDA:13,2,0,0
BRDA:13,2,1,0
BRDA:24,3,0,0
BRDA:24,3,1,0
BRDA:24,3,2,0
BRDA:30,4,0,0
BRDA:30,4,1,0
BRDA:38,5,0,0
BRDA:38,5,1,0
BRDA:38,6,0,0
BRDA:38,6,1,0
BRDA:38,6,2,0
BRDA:52,7,0,0
BRDA:52,7,1,0
BRDA:58,8,0,0
BRDA:58,8,1,0
BRDA:70,9,0,0
BRDA:70,9,1,0
BRDA:70,10,0,0
BRDA:70,10,1,0
BRDA:93,11,0,0
BRDA:93,11,1,0
BRDA:99,12,0,0
BRDA:99,12,1,0
BRDA:101,13,0,0
BRDA:101,13,1,0
BRDA:101,14,0,0
BRDA:101,14,1,0
BRDA:118,15,0,0
BRDA:118,15,1,1
BRDA:147,16,0,0
BRDA:147,16,1,0
BRF:34
BRH:1
end_of_record
TN:
SF:F:\Dev\BoardOS\client\app\calendar\calendar.controller.spec.js
FN:3,(anonymous_1)
FN:11,(anonymous_2)
FN:13,(anonymous_3)
FN:20,(anonymous_4)
FNF:4
FNH:4
FNDA:1,(anonymous_1)
FNDA:1,(anonymous_2)
FNDA:1,(anonymous_3)
FNDA:1,(anonymous_4)
DA:3,1
DA:4,1
DA:5,1
DA:8,1
DA:11,1
DA:12,1
DA:13,1
DA:14,1
DA:20,1
DA:21,1
DA:23,1
LF:11
LH:11
BRF:0
BRH:0
end_of_record
TN:
SF:F:\Dev\BoardOS\client\app\calendar\calendar.js
FN:4,(anonymous_1)
FNF:1
FNH:1
FNDA:32,(anonymous_1)
DA:3,1
DA:5,32
LF:2
LH:2
BRF:0
BRH:0
end_of_record
TN:
SF:F:\Dev\BoardOS\client\app\dashboard\dashboard.controller.js
FN:5,(anonymous_1)
FN:8,(anonymous_2)
FN:23,(anonymous_3)
FN:27,arrayAverage
FN:28,(anonymous_5)
FN:33,arraySum
FN:34,(anonymous_7)
FN:45,(anonymous_8)
FN:46,(anonymous_9)
FN:61,(anonymous_10)
FN:65,(anonymous_11)
FN:70,(anonymous_12)
FN:75,(anonymous_13)
FN:88,(anonymous_14)
FN:106,(anonymous_15)
FN:124,(anonymous_16)
FN:180,(anonymous_17)
FN:228,(anonymous_18)
FN:231,(anonymous_19)
FN:253,(anonymous_20)
FN:263,(anonymous_21)
FN:268,(anonymous_22)
FN:273,(anonymous_23)
FN:284,(anonymous_24)
FN:312,(anonymous_25)
FN:317,(anonymous_26)
FN:344,(anonymous_27)
FN:347,(anonymous_28)
FN:351,(anonymous_29)
FN:357,(anonymous_30)
FN:360,(anonymous_31)
FN:385,(anonymous_32)
FN:390,(anonymous_33)
FN:397,(anonymous_34)
FN:426,(anonymous_35)
FN:433,(anonymous_36)
FN:466,(anonymous_37)
FN:471,(anonymous_38)
FN:480,(anonymous_39)
FN:511,(anonymous_40)
FN:515,(anonymous_41)
FN:557,(anonymous_42)
FN:563,(anonymous_43)
FN:565,(anonymous_44)
FN:571,(anonymous_45)
FN:574,(anonymous_46)
FN:577,(anonymous_47)
FN:580,(anonymous_48)
FN:583,(anonymous_49)
FN:588,(anonymous_50)
FN:591,(anonymous_51)
FN:596,(anonymous_52)
FN:601,(anonymous_53)
FN:604,(anonymous_54)
FN:608,(anonymous_55)
FN:632,(anonymous_56)
FN:656,(anonymous_57)
FN:680,(anonymous_58)
FN:705,(anonymous_59)
FN:707,(anonymous_60)
FN:719,(anonymous_61)
FN:746,(anonymous_62)
FN:748,(anonymous_63)
FN:750,(anonymous_64)
FN:784,(anonymous_65)
FN:800,(anonymous_66)
FN:803,(anonymous_67)
FN:804,(anonymous_68)
FN:809,(anonymous_69)
FN:815,(anonymous_70)
FN:820,(anonymous_71)
FN:825,(anonymous_72)
FN:911,(anonymous_73)
FN:913,(anonymous_74)
FN:916,(anonymous_75)
FN:958,(anonymous_76)
FN:966,(anonymous_77)
FN:976,(anonymous_78)
FN:987,(anonymous_79)
FN:997,(anonymous_80)
FN:999,(anonymous_81)
FN:1013,(anonymous_82)
FN:1015,(anonymous_83)
FN:1030,(anonymous_84)
FN:1037,(anonymous_85)
FN:1043,(anonymous_86)
FN:1051,(anonymous_87)
FN:1070,(anonymous_88)
FNF:88
FNH:2
FNDA:1,(anonymous_1)
FNDA:0,(anonymous_2)
FNDA:0,(anonymous_3)
FNDA:0,arrayAverage
FNDA:0,(anonymous_5)
FNDA:0,arraySum
FNDA:0,(anonymous_7)
FNDA:0,(anonymous_8)
FNDA:0,(anonymous_9)
FNDA:0,(anonymous_10)
FNDA:0,(anonymous_11)
FNDA:0,(anonymous_12)
FNDA:0,(anonymous_13)
FNDA:0,(anonymous_14)
FNDA:0,(anonymous_15)
FNDA:0,(anonymous_16)
FNDA:0,(anonymous_17)
FNDA:0,(anonymous_18)
FNDA:0,(anonymous_19)
FNDA:0,(anonymous_20)
FNDA:0,(anonymous_21)
FNDA:0,(anonymous_22)
FNDA:0,(anonymous_23)
FNDA:0,(anonymous_24)
FNDA:0,(anonymous_25)
FNDA:0,(anonymous_26)
FNDA:0,(anonymous_27)
FNDA:0,(anonymous_28)
FNDA:0,(anonymous_29)
FNDA:0,(anonymous_30)
FNDA:0,(anonymous_31)
FNDA:0,(anonymous_32)
FNDA:0,(anonymous_33)
FNDA:0,(anonymous_34)
FNDA:0,(anonymous_35)
FNDA:0,(anonymous_36)
FNDA:0,(anonymous_37)
FNDA:0,(anonymous_38)
FNDA:0,(anonymous_39)
FNDA:0,(anonymous_40)
FNDA:0,(anonymous_41)
FNDA:0,(anonymous_42)
FNDA:0,(anonymous_43)
FNDA:0,(anonymous_44)
FNDA:0,(anonymous_45)
FNDA:0,(anonymous_46)
FNDA:0,(anonymous_47)
FNDA:0,(anonymous_48)
FNDA:0,(anonymous_49)
FNDA:0,(anonymous_50)
FNDA:0,(anonymous_51)
FNDA:0,(anonymous_52)
FNDA:0,(anonymous_53)
FNDA:0,(anonymous_54)
FNDA:0,(anonymous_55)
FNDA:0,(anonymous_56)
FNDA:0,(anonymous_57)
FNDA:0,(anonymous_58)
FNDA:0,(anonymous_59)
FNDA:0,(anonymous_60)
FNDA:0,(anonymous_61)
FNDA:1,(anonymous_62)
FNDA:0,(anonymous_63)
FNDA:0,(anonymous_64)
FNDA:0,(anonymous_65)
FNDA:0,(anonymous_66)
FNDA:0,(anonymous_67)
FNDA:0,(anonymous_68)
FNDA:0,(anonymous_69)
FNDA:0,(anonymous_70)
FNDA:0,(anonymous_71)
FNDA:0,(anonymous_72)
FNDA:0,(anonymous_73)
FNDA:0,(anonymous_74)
FNDA:0,(anonymous_75)
FNDA:0,(anonymous_76)
FNDA:0,(anonymous_77)
FNDA:0,(anonymous_78)
FNDA:0,(anonymous_79)
FNDA:0,(anonymous_80)
FNDA:0,(anonymous_81)
FNDA:0,(anonymous_82)
FNDA:0,(anonymous_83)
FNDA:0,(anonymous_84)
FNDA:0,(anonymous_85)
FNDA:0,(anonymous_86)
FNDA:0,(anonymous_87)
FNDA:0,(anonymous_88)
DA:4,1
DA:6,1
DA:8,1
DA:9,0
DA:13,1
DA:21,1
DA:23,1
DA:27,1
DA:28,0
DA:29,0
DA:33,1
DA:34,0
DA:35,0
DA:40,1
DA:41,1
DA:42,1
DA:45,1
DA:46,0
DA:47,0
DA:48,0
DA:53,1
DA:54,1
DA:55,1
DA:56,1
DA:57,1
DA:61,1
DA:62,0
DA:65,1
DA:66,0
DA:67,0
DA:70,1
DA:71,0
DA:72,0
DA:75,1
DA:76,0
DA:77,0
DA:78,0
DA:80,0
DA:81,0
DA:82,0
DA:84,0
DA:89,0
DA:93,0
DA:97,0
DA:100,0
DA:103,0
DA:106,0
DA:107,0
DA:110,0
DA:111,0
DA:112,0
DA:113,0
DA:114,0
DA:117,0
DA:118,0
DA:119,0
DA:120,0
DA:121,0
DA:124,0
DA:126,0
DA:128,0
DA:129,0
DA:130,0
DA:131,0
DA:132,0
DA:133,0
DA:134,0
DA:135,0
DA:137,0
DA:138,0
DA:139,0
DA:140,0
DA:141,0
DA:142,0
DA:143,0
DA:144,0
DA:146,0
DA:148,0
DA:149,0
DA:150,0
DA:151,0
DA:152,0
DA:153,0
DA:154,0
DA:157,0
DA:160,0
DA:163,0
DA:167,0
DA:168,0
DA:169,0
DA:177,0
DA:180,0
DA:182,0
DA:186,0
DA:190,0
DA:194,0
DA:198,0
DA:202,0
DA:206,0
DA:210,0
DA:214,0
DA:218,0
DA:222,0
DA:228,0
DA:229,0
DA:231,0
DA:233,0
DA:234,0
DA:236,0
DA:237,0
DA:239,0
DA:240,0
DA:241,0
DA:245,0
DA:246,0
DA:247,0
DA:252,0
DA:254,0
DA:257,0
DA:258,0
DA:260,0
DA:261,0
DA:263,0
DA:264,0
DA:265,0
DA:266,0
DA:268,0
DA:269,0
DA:270,0
DA:271,0
DA:273,0
DA:274,0
DA:275,0
DA:276,0
DA:277,0
DA:279,0
DA:280,0
DA:281,0
DA:283,0
DA:284,0
DA:285,0
DA:288,0
DA:291,0
DA:292,0
DA:293,0
DA:294,0
DA:295,0
DA:296,0
DA:297,0
DA:299,0
DA:300,0
DA:301,0
DA:302,0
DA:303,0
DA:304,0
DA:305,0
DA:306,0
DA:307,0
DA:312,0
DA:313,0
DA:314,0
DA:315,0
DA:317,0
DA:318,0
DA:319,0
DA:320,0
DA:321,0
DA:324,0
DA:325,0
DA:326,0
DA:329,0
DA:345,0
DA:348,0
DA:352,0
DA:368,0
DA:369,0
DA:371,0
DA:372,0
DA:374,0
DA:375,0
DA:377,0
DA:378,0
DA:380,0
DA:381,0
DA:385,1
DA:386,0
DA:387,0
DA:390,1
DA:391,0
DA:392,0
DA:393,0
DA:397,1
DA:398,0
DA:399,0
DA:401,0
DA:402,0
DA:404,0
DA:405,0
DA:407,0
DA:408,0
DA:410,0
DA:411,0
DA:413,0
DA:414,0
DA:416,0
DA:417,0
DA:419,0
DA:421,0
DA:422,0
DA:426,1
DA:427,0
DA:433,0
DA:434,0
DA:435,0
DA:445,0
DA:446,0
DA:452,0
DA:453,0
DA:462,0
DA:467,0
DA:471,1
DA:472,0
DA:480,0
DA:481,0
DA:482,0
DA:492,0
DA:493,0
DA:499,0
DA:500,0
DA:507,0
DA:511,1
DA:512,0
DA:515,1
DA:516,0
DA:517,0
DA:518,0
DA:520,0
DA:521,0
DA:522,0
DA:523,0
DA:525,0
DA:526,0
DA:527,0
DA:528,0
DA:530,0
DA:531,0
DA:532,0
DA:533,0
DA:535,0
DA:536,0
DA:537,0
DA:538,0
DA:540,0
DA:541,0
DA:542,0
DA:543,0
DA:545,0
DA:546,0
DA:547,0
DA:548,0
DA:550,0
DA:551,0
DA:552,0
DA:553,0
DA:556,0
DA:557,0
DA:558,0
DA:559,0
DA:560,0
DA:561,0
DA:563,0
DA:565,0
DA:566,0
DA:567,0
DA:568,0
DA:571,0
DA:572,0
DA:574,0
DA:575,0
DA:577,0
DA:578,0
DA:580,0
DA:581,0
DA:583,0
DA:584,0
DA:585,0
DA:586,0
DA:588,0
DA:589,0
DA:591,0
DA:592,0
DA:593,0
DA:594,0
DA:596,0
DA:597,0
DA:601,0
DA:602,0
DA:604,0
DA:605,0
DA:608,0
DA:609,0
DA:610,0
DA:611,0
DA:612,0
DA:613,0
DA:614,0
DA:618,0
DA:619,0
DA:622,0
DA:632,0
DA:633,0
DA:634,0
DA:635,0
DA:636,0
DA:637,0
DA:638,0
DA:642,0
DA:643,0
DA:646,0
DA:656,0
DA:657,0
DA:658,0
DA:659,0
DA:660,0
DA:661,0
DA:662,0
DA:666,0
DA:667,0
DA:670,0
DA:680,0
DA:681,0
DA:682,0
DA:683,0
DA:684,0
DA:685,0
DA:686,0
DA:690,0
DA:691,0
DA:694,0
DA:705,0
DA:707,0
DA:709,0
DA:711,0
DA:712,0
DA:719,0
DA:720,0
DA:726,0
DA:736,0
DA:740,0
DA:746,1
DA:747,1
DA:748,0
DA:750,0
DA:751,0
DA:752,0
DA:753,0
DA:756,0
DA:757,0
DA:759,0
DA:761,0
DA:762,0
DA:764,0
DA:766,0
DA:767,0
DA:769,0
DA:770,0
DA:771,0
DA:772,0
DA:773,0
DA:774,0
DA:775,0
DA:778,0
DA:779,0
DA:780,0
DA:781,0
DA:782,0
DA:784,0
DA:785,0
DA:786,0
DA:788,0
DA:789,0
DA:793,0
DA:798,0
DA:801,0
DA:804,0
DA:805,0
DA:807,0
DA:810,0
DA:815,0
DA:816,0
DA:820,0
DA:821,0
DA:825,0
DA:826,0
DA:830,0
DA:834,0
DA:911,0
DA:912,0
DA:913,0
DA:914,0
DA:916,0
DA:917,0
DA:920,0
DA:921,0
DA:922,0
DA:923,0
DA:927,1
DA:928,1
DA:929,1
DA:931,1
DA:932,1
DA:933,1
DA:934,1
DA:935,1
DA:936,1
DA:938,1
DA:939,1
DA:953,1
DA:958,1
DA:959,0
DA:960,0
DA:961,0
DA:966,0
DA:967,0
DA:968,0
DA:969,0
DA:976,1
DA:977,0
DA:978,0
DA:979,0
DA:981,0
DA:982,0
DA:987,0
DA:989,0
DA:990,0
DA:991,0
DA:992,0
DA:993,0
DA:997,1
DA:998,0
DA:999,0
DA:1001,0
DA:1002,0
DA:1007,0
DA:1008,0
DA:1013,1
DA:1014,0
DA:1015,0
DA:1017,0
DA:1018,0
DA:1023,0
DA:1024,0
DA:1026,0
DA:1030,1
DA:1031,0
DA:1032,0
DA:1037,1
DA:1038,0
DA:1043,1
DA:1044,0
DA:1051,0
DA:1052,0
DA:1062,0
DA:1063,0
DA:1064,0
DA:1066,0
DA:1067,0
DA:1070,0
DA:1071,0
LF:469
LH:49
BRDA:30,1,0,0
BRDA:30,1,1,0
BRDA:77,2,0,0
BRDA:77,2,1,0
BRDA:233,3,0,0
BRDA:233,3,1,0
BRDA:234,4,0,0
BRDA:234,4,1,0
BRDA:239,5,0,0
BRDA:239,5,1,0
BRDA:239,6,0,0
BRDA:239,6,1,0
BRDA:240,7,0,0
BRDA:240,7,1,0
BRDA:241,8,0,0
BRDA:241,8,1,0
BRDA:241,8,2,0
BRDA:241,8,3,0
BRDA:241,8,4,0
BRDA:241,8,5,0
BRDA:245,9,0,0
BRDA:245,9,1,0
BRDA:245,10,0,0
BRDA:245,10,1,0
BRDA:246,11,0,0
BRDA:246,11,1,0
BRDA:247,12,0,0
BRDA:247,12,1,0
BRDA:247,12,2,0
BRDA:247,12,3,0
BRDA:247,12,4,0
BRDA:247,12,5,0
BRDA:264,13,0,0
BRDA:264,13,1,0
BRDA:305,14,0,0
BRDA:305,14,1,0
BRDA:306,15,0,0
BRDA:306,15,1,0
BRDA:399,16,0,0
BRDA:399,16,1,0
BRDA:399,16,2,0
BRDA:399,16,3,0
BRDA:410,17,0,0
BRDA:410,17,1,0
BRDA:410,18,0,0
BRDA:410,18,1,0
BRDA:413,19,0,0
BRDA:413,19,1,0
BRDA:413,20,0,0
BRDA:413,20,1,0
BRDA:416,21,0,0
BRDA:416,21,1,0
BRDA:416,22,0,0
BRDA:416,22,1,0
BRDA:421,23,0,0
BRDA:421,23,1,0
BRDA:434,24,0,0
BRDA:434,24,1,0
BRDA:434,25,0,0
BRDA:434,25,1,0
BRDA:437,26,0,0
BRDA:437,26,1,0
BRDA:441,27,0,0
BRDA:441,27,1,0
BRDA:445,28,0,0
BRDA:445,28,1,0
BRDA:448,29,0,0
BRDA:448,29,1,0
BRDA:452,30,0,0
BRDA:452,30,1,0
BRDA:455,31,0,0
BRDA:455,31,1,0
BRDA:481,32,0,0
BRDA:481,32,1,0
BRDA:481,33,0,0
BRDA:481,33,1,0
BRDA:484,34,0,0
BRDA:484,34,1,0
BRDA:488,35,0,0
BRDA:488,35,1,0
BRDA:492,36,0,0
BRDA:492,36,1,0
BRDA:495,37,0,0
BRDA:495,37,1,0
BRDA:499,38,0,0
BRDA:499,38,1,0
BRDA:502,39,0,0
BRDA:502,39,1,0
BRDA:517,40,0,0
BRDA:517,40,1,0
BRDA:518,41,0,0
BRDA:518,41,1,0
BRDA:518,41,2,0
BRDA:518,41,3,0
BRDA:518,41,4,0
BRDA:518,41,5,0
BRDA:518,41,6,0
BRDA:567,42,0,0
BRDA:567,42,1,0
BRDA:567,43,0,0
BRDA:567,43,1,0
BRDA:567,43,2,0
BRDA:575,44,0,0
BRDA:575,44,1,0
BRDA:581,45,0,0
BRDA:581,45,1,0
BRDA:586,46,0,0
BRDA:586,46,1,0
BRDA:586,46,2,0
BRDA:586,46,3,0
BRDA:589,47,0,0
BRDA:589,47,1,0
BRDA:594,48,0,0
BRDA:594,48,1,0
BRDA:594,48,2,0
BRDA:597,49,0,0
BRDA:597,49,1,0
BRDA:605,50,0,0
BRDA:605,50,1,0
BRDA:612,51,0,0
BRDA:612,51,1,0
BRDA:618,52,0,0
BRDA:618,52,1,0
BRDA:625,53,0,0
BRDA:625,53,1,0
BRDA:626,54,0,0
BRDA:626,54,1,0
BRDA:627,55,0,0
BRDA:627,55,1,0
BRDA:636,56,0,0
BRDA:636,56,1,0
BRDA:642,57,0,0
BRDA:642,57,1,0
BRDA:649,58,0,0
BRDA:649,58,1,0
BRDA:650,59,0,0
BRDA:650,59,1,0
BRDA:651,60,0,0
BRDA:651,60,1,0
BRDA:660,61,0,0
BRDA:660,61,1,0
BRDA:666,62,0,0
BRDA:666,62,1,0
BRDA:673,63,0,0
BRDA:673,63,1,0
BRDA:674,64,0,0
BRDA:674,64,1,0
BRDA:675,65,0,0
BRDA:675,65,1,0
BRDA:684,66,0,0
BRDA:684,66,1,0
BRDA:690,67,0,0
BRDA:690,67,1,0
BRDA:697,68,0,0
BRDA:697,68,1,0
BRDA:698,69,0,0
BRDA:698,69,1,0
BRDA:699,70,0,0
BRDA:699,70,1,0
BRDA:711,71,0,0
BRDA:711,71,1,0
BRDA:747,72,0,0
BRDA:747,72,1,1
BRDA:759,73,0,0
BRDA:759,73,1,0
BRDA:761,74,0,0
BRDA:761,74,1,0
BRDA:761,75,0,0
BRDA:761,75,1,0
BRDA:761,75,2,0
BRDA:761,75,3,0
BRDA:788,76,0,0
BRDA:788,76,1,0
BRDA:815,77,0,0
BRDA:815,77,1,0
BRDA:820,78,0,0
BRDA:820,78,1,0
BRDA:825,79,0,0
BRDA:825,79,1,0
BRDA:938,80,0,0
BRDA:938,80,1,1
BRDA:960,81,0,0
BRDA:960,81,1,0
BRDA:960,82,0,0
BRDA:960,82,1,0
BRDA:981,83,0,0
BRDA:981,83,1,0
BRDA:981,84,0,0
BRDA:981,84,1,0
BRDA:998,85,0,0
BRDA:998,85,1,0
BRDA:1001,86,0,0
BRDA:1001,86,1,0
BRDA:1014,87,0,0
BRDA:1014,87,1,0
BRDA:1017,88,0,0
BRDA:1017,88,1,0
BRDA:1017,89,0,0
BRDA:1017,89,1,0
BRDA:1017,89,2,0
BRDA:1023,90,0,0
BRDA:1023,90,1,0
BRDA:1023,91,0,0
BRDA:1023,91,1,0
BRDA:1023,91,2,0
BRDA:1031,92,0,0
BRDA:1031,92,1,0
BRDA:1066,93,0,0
BRDA:1066,93,1,0
BRF:209
BRH:2
end_of_record
TN:
SF:F:\Dev\BoardOS\client\app\dashboard\dashboard.controller.spec.js
FN:3,(anonymous_1)
FN:11,(anonymous_2)
FN:13,(anonymous_3)
FN:20,(anonymous_4)
FN:22,(anonymous_5)
FNF:5
FNH:5
FNDA:1,(anonymous_1)
FNDA:1,(anonymous_2)
FNDA:1,(anonymous_3)
FNDA:1,(anonymous_4)
FNDA:1,(anonymous_5)
DA:3,1
DA:4,1
DA:5,1
DA:8,1
DA:11,1
DA:12,1
DA:13,1
DA:14,1
DA:20,1
DA:22,1
DA:23,1
DA:24,1
LF:12
LH:12
BRF:0
BRH:0
end_of_record
TN:
SF:F:\Dev\BoardOS\client\app\dashboard\dashboard.js
FN:4,(anonymous_1)
FNF:1
FNH:1
FNDA:32,(anonymous_1)
DA:3,1
DA:5,32
LF:2
LH:2
BRF:0
BRH:0
end_of_record
TN:
SF:F:\Dev\BoardOS\client\app\dashboards\dashboards.controller.js
FN:5,(anonymous_1)
FN:17,(anonymous_2)
FN:18,(anonymous_3)
FN:22,(anonymous_4)
FN:29,(anonymous_5)
FN:42,(anonymous_6)
FN:49,(anonymous_7)
FN:54,(anonymous_8)
FN:69,(anonymous_9)
FN:73,(anonymous_10)
FN:77,(anonymous_11)
FN:83,(anonymous_12)
FN:89,(anonymous_13)
FN:90,(anonymous_14)
FN:92,(anonymous_15)
FNF:15
FNH:0
FNDA:0,(anonymous_1)
FNDA:0,(anonymous_2)
FNDA:0,(anonymous_3)
FNDA:0,(anonymous_4)
FNDA:0,(anonymous_5)
FNDA:0,(anonymous_6)
FNDA:0,(anonymous_7)
FNDA:0,(anonymous_8)
FNDA:0,(anonymous_9)
FNDA:0,(anonymous_10)
FNDA:0,(anonymous_11)
FNDA:0,(anonymous_12)
FNDA:0,(anonymous_13)
FNDA:0,(anonymous_14)
FNDA:0,(anonymous_15)
DA:4,1
DA:6,0
DA:7,0
DA:8,0
DA:9,0
DA:10,0
DA:11,0
DA:12,0
DA:13,0
DA:14,0
DA:15,0
DA:17,0
DA:18,0
DA:20,0
DA:21,0
DA:22,0
DA:23,0
DA:24,0
DA:27,0
DA:28,0
DA:29,0
DA:30,0
DA:31,0
DA:33,0
DA:34,0
DA:37,0
DA:38,0
DA:42,0
DA:43,0
DA:49,0
DA:50,0
DA:51,0
DA:52,0
DA:53,0
DA:54,0
DA:55,0
DA:56,0
DA:57,0
DA:58,0
DA:59,0
DA:60,0
DA:63,0
DA:64,0
DA:69,0
DA:70,0
DA:73,0
DA:74,0
DA:77,0
DA:78,0
DA:79,0
DA:80,0
DA:83,0
DA:84,0
DA:85,0
DA:86,0
DA:89,0
DA:90,0
DA:91,0
DA:92,0
DA:93,0
DA:94,0
DA:100,0
LF:62
LH:1
BRDA:20,1,0,0
BRDA:20,1,1,0
BRDA:21,2,0,0
BRDA:21,2,1,0
BRDA:23,3,0,0
BRDA:23,3,1,0
BRDA:27,4,0,0
BRDA:27,4,1,0
BRDA:28,5,0,0
BRDA:28,5,1,0
BRDA:30,6,0,0
BRDA:30,6,1,0
BRDA:30,7,0,0
BRDA:30,7,1,0
BRDA:33,8,0,0
BRDA:33,8,1,0
BRDA:33,9,0,0
BRDA:33,9,1,0
BRDA:37,10,0,0
BRDA:37,10,1,0
BRDA:37,10,2,0
BRDA:37,10,3,0
BRDA:58,11,0,0
BRDA:58,11,1,0
BRDA:58,12,0,0
BRDA:58,12,1,0
BRDA:58,12,2,0
BRDA:58,12,3,0
BRDA:91,13,0,0
BRDA:91,13,1,0
BRF:30
BRH:0
end_of_record
TN:
SF:F:\Dev\BoardOS\client\app\dashboards\dashboards.js
FN:4,(anonymous_1)
FNF:1
FNH:1
FNDA:32,(anonymous_1)
DA:3,1
DA:5,32
LF:2
LH:2
BRF:0
BRH:0
end_of_record
TN:
SF:F:\Dev\BoardOS\client\app\dqm\dqm.controller.js
FN:4,(anonymous_1)
FN:11,(anonymous_2)
FN:14,(anonymous_3)
FN:21,(anonymous_4)
FN:27,(anonymous_5)
FN:36,(anonymous_6)
FN:41,(anonymous_7)
FN:42,(anonymous_8)
FN:44,(anonymous_9)
FN:51,(anonymous_10)
FN:55,(anonymous_11)
FN:59,(anonymous_12)
FN:66,(anonymous_13)
FN:75,(anonymous_14)
FN:81,(anonymous_15)
FN:82,(anonymous_16)
FN:87,(anonymous_17)
FN:91,(anonymous_18)
FNF:18
FNH:0
FNDA:0,(anonymous_1)
FNDA:0,(anonymous_2)
FNDA:0,(anonymous_3)
FNDA:0,(anonymous_4)
FNDA:0,(anonymous_5)
FNDA:0,(anonymous_6)
FNDA:0,(anonymous_7)
FNDA:0,(anonymous_8)
FNDA:0,(anonymous_9)
FNDA:0,(anonymous_10)
FNDA:0,(anonymous_11)
FNDA:0,(anonymous_12)
FNDA:0,(anonymous_13)
FNDA:0,(anonymous_14)
FNDA:0,(anonymous_15)
FNDA:0,(anonymous_16)
FNDA:0,(anonymous_17)
FNDA:0,(anonymous_18)
DA:3,1
DA:5,0
DA:6,0
DA:7,0
DA:8,0
DA:9,0
DA:11,0
DA:12,0
DA:13,0
DA:14,0
DA:15,0
DA:16,0
DA:17,0
DA:18,0
DA:21,0
DA:22,0
DA:27,0
DA:28,0
DA:29,0
DA:30,0
DA:31,0
DA:34,0
DA:36,0
DA:37,0
DA:41,0
DA:42,0
DA:43,0
DA:44,0
DA:45,0
DA:46,0
DA:51,0
DA:52,0
DA:55,0
DA:56,0
DA:59,0
DA:60,0
DA:61,0
DA:64,0
DA:66,0
DA:67,0
DA:75,0
DA:76,0
DA:81,0
DA:82,0
DA:83,0
DA:87,0
DA:91,0
DA:92,0
DA:93,0
DA:94,0
DA:95,0
DA:96,0
DA:97,0
DA:99,0
DA:101,0
DA:102,0
DA:105,0
LF:57
LH:1
BRDA:17,1,0,0
BRDA:17,1,1,0
BRDA:17,2,0,0
BRDA:17,2,1,0
BRDA:17,2,2,0
BRDA:17,2,3,0
BRDA:30,3,0,0
BRDA:30,3,1,0
BRDA:30,4,0,0
BRDA:30,4,1,0
BRDA:30,4,2,0
BRDA:30,4,3,0
BRDA:94,5,0,0
BRDA:94,5,1,0
BRDA:95,6,0,0
BRDA:95,6,1,0
BRDA:101,7,0,0
BRDA:101,7,1,0
BRDA:101,8,0,0
BRDA:101,8,1,0
BRF:20
BRH:0
end_of_record
TN:
SF:F:\Dev\BoardOS\client\app\dqm\dqm.js
FN:4,(anonymous_1)
FNF:1
FNH:1
FNDA:32,(anonymous_1)
DA:3,1
DA:5,32
LF:2
LH:2
BRF:0
BRH:0
end_of_record
TN:
SF:F:\Dev\BoardOS\client\app\errSrc\errSrc.directive.js
FN:4,(anonymous_1)
FN:8,(anonymous_2)
FN:9,(anonymous_3)
FNF:3
FNH:0
FNDA:0,(anonymous_1)
FNDA:0,(anonymous_2)
FNDA:0,(anonymous_3)
DA:3,1
DA:5,0
DA:9,0
DA:10,0
DA:11,0
LF:5
LH:1
BRDA:10,1,0,0
BRDA:10,1,1,0
BRF:2
BRH:0
end_of_record
TN:
SF:F:\Dev\BoardOS\client\app\errSrc\errSrc.directive.spec.js
FN:3,(anonymous_1)
FN:11,(anonymous_2)
FN:15,(anonymous_3)
FNF:3
FNH:3
FNDA:1,(anonymous_1)
FNDA:1,(anonymous_2)
FNDA:1,(anonymous_3)
DA:3,1
DA:6,1
DA:8,1
DA:11,1
DA:12,1
DA:15,1
DA:16,1
DA:17,1
DA:18,1
LF:9
LH:9
BRF:0
BRH:0
end_of_record
TN:
SF:F:\Dev\BoardOS\client\app\global\global.controller.js
FN:4,(anonymous_1)
FN:6,(anonymous_2)
FN:7,(anonymous_3)
FN:10,(anonymous_4)
FN:13,(anonymous_5)
FN:20,(anonymous_6)
FN:25,(anonymous_7)
FNF:7
FNH:2
FNDA:1,(anonymous_1)
FNDA:1,(anonymous_2)
FNDA:0,(anonymous_3)
FNDA:0,(anonymous_4)
FNDA:0,(anonymous_5)
FNDA:0,(anonymous_6)
FNDA:0,(anonymous_7)
DA:3,1
DA:6,1
DA:7,1
DA:8,0
DA:10,1
DA:11,0
DA:13,1
DA:14,0
DA:18,1
DA:20,1
DA:21,0
DA:25,1
DA:26,0
DA:27,0
DA:28,0
DA:29,0
DA:30,0
DA:31,0
DA:32,0
DA:33,0
DA:34,0
DA:35,0
DA:36,0
DA:37,0
DA:38,0
DA:39,0
DA:40,0
LF:27
LH:8
BRF:0
BRH:0
end_of_record
TN:
SF:F:\Dev\BoardOS\client\app\global\global.controller.spec.js
FN:3,(anonymous_1)
FN:11,(anonymous_2)
FN:18,(anonymous_3)
FNF:3
FNH:3
FNDA:1,(anonymous_1)
FNDA:1,(anonymous_2)
FNDA:1,(anonymous_3)
DA:3,1
DA:6,1
DA:8,1
DA:11,1
DA:12,1
DA:13,1
DA:18,1
DA:19,1
LF:8
LH:8
BRF:0
BRH:0
end_of_record
TN:
SF:F:\Dev\BoardOS\client\app\help\help.controller.js
FN:5,(anonymous_1)
FN:17,(anonymous_2)
FN:25,(anonymous_3)
FN:38,(anonymous_4)
FN:43,(anonymous_5)
FN:59,(anonymous_6)
FN:65,(anonymous_7)
FN:91,(anonymous_8)
FN:99,(anonymous_9)
FN:106,(anonymous_10)
FN:115,(anonymous_11)
FN:119,(anonymous_12)
FN:120,(anonymous_13)
FN:122,(anonymous_14)
FNF:14
FNH:0
FNDA:0,(anonymous_1)
FNDA:0,(anonymous_2)
FNDA:0,(anonymous_3)
FNDA:0,(anonymous_4)
FNDA:0,(anonymous_5)
FNDA:0,(anonymous_6)
FNDA:0,(anonymous_7)
FNDA:0,(anonymous_8)
FNDA:0,(anonymous_9)
FNDA:0,(anonymous_10)
FNDA:0,(anonymous_11)
FNDA:0,(anonymous_12)
FNDA:0,(anonymous_13)
FNDA:0,(anonymous_14)
DA:4,1
DA:7,0
DA:8,0
DA:9,0
DA:11,0
DA:12,0
DA:13,0
DA:14,0
DA:15,0
DA:17,0
DA:18,0
DA:20,0
DA:26,0
DA:27,0
DA:28,0
DA:29,0
DA:30,0
DA:33,0
DA:40,0
DA:41,0
DA:42,0
DA:43,0
DA:44,0
DA:45,0
DA:46,0
DA:52,0
DA:53,0
DA:59,0
DA:60,0
DA:61,0
DA:62,0
DA:65,0
DA:68,0
DA:69,0
DA:70,0
DA:71,0
DA:72,0
DA:73,0
DA:74,0
DA:75,0
DA:76,0
DA:77,0
DA:78,0
DA:79,0
DA:80,0
DA:81,0
DA:82,0
DA:83,0
DA:84,0
DA:85,0
DA:87,0
DA:88,0
DA:90,0
DA:91,0
DA:92,0
DA:93,0
DA:95,0
DA:99,0
DA:100,0
DA:101,0
DA:106,0
DA:107,0
DA:108,0
DA:109,0
DA:115,0
DA:116,0
DA:119,0
DA:120,0
DA:121,0
DA:122,0
DA:123,0
DA:124,0
DA:130,0
LF:73
LH:1
BRDA:18,1,0,0
BRDA:18,1,1,0
BRDA:27,2,0,0
BRDA:27,2,1,0
BRDA:28,3,0,0
BRDA:28,3,1,0
BRDA:30,4,0,0
BRDA:30,4,1,0
BRDA:45,5,0,0
BRDA:45,5,1,0
BRDA:46,6,0,0
BRDA:46,6,1,0
BRDA:68,7,0,0
BRDA:68,7,1,0
BRDA:69,8,0,0
BRDA:69,8,1,0
BRDA:90,9,0,0
BRDA:90,9,1,0
BRDA:121,10,0,0
BRDA:121,10,1,0
BRF:20
BRH:0
end_of_record
TN:
SF:F:\Dev\BoardOS\client\app\help\help.js
FN:4,(anonymous_1)
FNF:1
FNH:1
FNDA:32,(anonymous_1)
DA:3,1
DA:5,32
LF:2
LH:2
BRF:0
BRH:0
end_of_record
TN:
SF:F:\Dev\BoardOS\client\app\hierarchies\hierarchies.controller.js
FN:5,(anonymous_1)
FN:21,(anonymous_2)
FN:44,verboseHierarchy
FN:45,(anonymous_4)
FN:47,(anonymous_5)
FN:69,(anonymous_6)
FN:70,(anonymous_7)
FN:72,(anonymous_8)
FN:81,(anonymous_9)
FN:87,(anonymous_10)
FN:91,(anonymous_11)
FN:106,(anonymous_12)
FN:110,(anonymous_13)
FN:117,(anonymous_14)
FN:121,(anonymous_15)
FN:125,(anonymous_16)
FN:126,(anonymous_17)
FN:135,(anonymous_18)
FN:138,(anonymous_19)
FN:144,(anonymous_20)
FN:147,(anonymous_21)
FN:162,(anonymous_22)
FN:163,(anonymous_23)
FN:171,(anonymous_24)
FN:172,(anonymous_25)
FN:181,(anonymous_26)
FNF:26
FNH:2
FNDA:1,(anonymous_1)
FNDA:0,(anonymous_2)
FNDA:0,verboseHierarchy
FNDA:0,(anonymous_4)
FNDA:0,(anonymous_5)
FNDA:1,(anonymous_6)
FNDA:0,(anonymous_7)
FNDA:0,(anonymous_8)
FNDA:0,(anonymous_9)
FNDA:0,(anonymous_10)
FNDA:0,(anonymous_11)
FNDA:0,(anonymous_12)
FNDA:0,(anonymous_13)
FNDA:0,(anonymous_14)
FNDA:0,(anonymous_15)
FNDA:0,(anonymous_16)
FNDA:0,(anonymous_17)
FNDA:0,(anonymous_18)
FNDA:0,(anonymous_19)
FNDA:0,(anonymous_20)
FNDA:0,(anonymous_21)
FNDA:0,(anonymous_22)
FNDA:0,(anonymous_23)
FNDA:0,(anonymous_24)
FNDA:0,(anonymous_25)
FNDA:0,(anonymous_26)
DA:4,1
DA:6,1
DA:7,1
DA:8,1
DA:12,1
DA:13,1
DA:14,1
DA:15,1
DA:17,1
DA:44,1
DA:45,0
DA:47,0
DA:48,0
DA:51,0
DA:56,1
DA:69,1
DA:70,1
DA:71,0
DA:72,0
DA:73,0
DA:75,0
DA:79,1
DA:81,1
DA:82,0
DA:83,0
DA:87,1
DA:88,0
DA:92,0
DA:93,0
DA:99,0
DA:100,0
DA:106,1
DA:107,0
DA:110,0
DA:111,0
DA:112,0
DA:117,1
DA:118,0
DA:121,1
DA:122,0
DA:125,1
DA:126,0
DA:127,0
DA:128,0
DA:129,0
DA:135,1
DA:137,0
DA:138,0
DA:139,0
DA:144,1
DA:145,0
DA:148,0
DA:149,0
DA:155,0
DA:156,0
DA:162,1
DA:163,0
DA:164,0
DA:165,0
DA:168,0
DA:171,1
DA:172,0
DA:173,0
DA:174,0
DA:177,0
DA:181,1
DA:182,0
LF:67
LH:25
BRDA:51,1,0,0
BRDA:51,1,1,0
BRDA:92,2,0,0
BRDA:92,2,1,0
BRDA:107,3,0,0
BRDA:107,3,1,0
BRDA:127,4,0,0
BRDA:127,4,1,0
BRDA:137,5,0,0
BRDA:137,5,1,0
BRDA:148,6,0,0
BRDA:148,6,1,0
BRDA:164,7,0,0
BRDA:164,7,1,0
BRDA:173,8,0,0
BRDA:173,8,1,0
BRF:16
BRH:0
end_of_record
TN:
SF:F:\Dev\BoardOS\client\app\hierarchies\hierarchies.controller.spec.js
FN:3,(anonymous_1)
FN:11,(anonymous_2)
FN:15,(anonymous_3)
FN:22,(anonymous_4)
FNF:4
FNH:4
FNDA:1,(anonymous_1)
FNDA:1,(anonymous_2)
FNDA:1,(anonymous_3)
FNDA:1,(anonymous_4)
DA:3,1
DA:4,1
DA:5,1
DA:8,1
DA:11,1
DA:14,1
DA:15,1
DA:16,1
DA:22,1
DA:23,1
DA:24,1
LF:11
LH:11
BRF:0
BRH:0
end_of_record
TN:
SF:F:\Dev\BoardOS\client\app\hierarchies\hierarchies.js
FN:4,(anonymous_1)
FNF:1
FNH:1
FNDA:32,(anonymous_1)
DA:3,1
DA:5,32
LF:2
LH:2
BRF:0
BRH:0
end_of_record
TN:
SF:F:\Dev\BoardOS\client\app\mail\mail.controller.js
FN:4,(anonymous_1)
FN:6,(anonymous_2)
FN:7,(anonymous_3)
FN:17,(anonymous_4)
FN:21,updateNumber
FN:25,(anonymous_6)
FN:34,(anonymous_7)
FN:40,(anonymous_8)
FN:50,(anonymous_9)
FN:54,(anonymous_10)
FN:57,(anonymous_11)
FN:63,(anonymous_12)
FN:68,(anonymous_13)
FN:78,(anonymous_14)
FN:82,updateNumberDashboard
FN:86,(anonymous_16)
FN:95,(anonymous_17)
FN:102,(anonymous_18)
FN:114,(anonymous_19)
FN:119,(anonymous_20)
FNF:20
FNH:1
FNDA:1,(anonymous_1)
FNDA:0,(anonymous_2)
FNDA:0,(anonymous_3)
FNDA:0,(anonymous_4)
FNDA:0,updateNumber
FNDA:0,(anonymous_6)
FNDA:0,(anonymous_7)
FNDA:0,(anonymous_8)
FNDA:0,(anonymous_9)
FNDA:0,(anonymous_10)
FNDA:0,(anonymous_11)
FNDA:0,(anonymous_12)
FNDA:0,(anonymous_13)
FNDA:0,(anonymous_14)
FNDA:0,updateNumberDashboard
FNDA:0,(anonymous_16)
FNDA:0,(anonymous_17)
FNDA:0,(anonymous_18)
FNDA:0,(anonymous_19)
FNDA:0,(anonymous_20)
DA:3,1
DA:6,1
DA:7,0
DA:8,0
DA:13,1
DA:14,1
DA:15,1
DA:17,1
DA:18,0
DA:21,1
DA:22,0
DA:25,1
DA:26,0
DA:27,0
DA:28,0
DA:29,0
DA:30,0
DA:31,0
DA:32,0
DA:35,0
DA:36,0
DA:37,0
DA:38,0
DA:42,0
DA:43,0
DA:44,0
DA:45,0
DA:50,1
DA:52,0
DA:56,0
DA:63,1
DA:64,0
DA:65,0
DA:68,1
DA:69,0
DA:70,0
DA:74,1
DA:75,1
DA:76,1
DA:78,1
DA:79,0
DA:82,1
DA:83,0
DA:86,1
DA:87,0
DA:88,0
DA:89,0
DA:90,0
DA:91,0
DA:92,0
DA:93,0
DA:96,0
DA:97,0
DA:98,0
DA:99,0
DA:104,0
DA:105,0
DA:106,0
DA:107,0
DA:114,1
DA:115,0
DA:116,0
DA:119,1
DA:120,0
DA:121,0
LF:65
LH:19
BRF:0
BRH:0
end_of_record
TN:
SF:F:\Dev\BoardOS\client\app\mail\mail.controller.spec.js
FN:3,(anonymous_1)
FN:11,(anonymous_2)
FN:18,(anonymous_3)
FNF:3
FNH:3
FNDA:1,(anonymous_1)
FNDA:1,(anonymous_2)
FNDA:1,(anonymous_3)
DA:3,1
DA:6,1
DA:8,1
DA:11,1
DA:12,1
DA:13,1
DA:18,1
DA:19,1
LF:8
LH:8
BRF:0
BRH:0
end_of_record
TN:
SF:F:\Dev\BoardOS\client\app\mail\mail.js
FN:4,(anonymous_1)
FNF:1
FNH:1
FNDA:32,(anonymous_1)
DA:3,1
DA:5,32
LF:2
LH:2
BRF:0
BRH:0
end_of_record
TN:
SF:F:\Dev\BoardOS\client\app\main\main.controller.js
FN:4,(anonymous_1)
FN:7,(anonymous_2)
FN:13,(anonymous_3)
FN:48,(anonymous_4)
FN:49,(anonymous_5)
FN:55,(anonymous_6)
FN:103,(anonymous_7)
FN:108,(anonymous_8)
FN:111,(anonymous_9)
FN:116,(anonymous_10)
FN:119,(anonymous_11)
FN:124,(anonymous_12)
FN:127,(anonymous_13)
FN:132,(anonymous_14)
FN:137,(anonymous_15)
FN:154,(anonymous_16)
FN:155,(anonymous_17)
FN:168,(anonymous_18)
FN:179,(anonymous_19)
FN:186,(anonymous_20)
FN:194,(anonymous_21)
FN:201,(anonymous_22)
FN:211,(anonymous_23)
FN:218,(anonymous_24)
FN:223,(anonymous_25)
FN:228,(anonymous_26)
FN:240,(anonymous_27)
FNF:27
FNH:1
FNDA:1,(anonymous_1)
FNDA:0,(anonymous_2)
FNDA:0,(anonymous_3)
FNDA:0,(anonymous_4)
FNDA:0,(anonymous_5)
FNDA:0,(anonymous_6)
FNDA:0,(anonymous_7)
FNDA:0,(anonymous_8)
FNDA:0,(anonymous_9)
FNDA:0,(anonymous_10)
FNDA:0,(anonymous_11)
FNDA:0,(anonymous_12)
FNDA:0,(anonymous_13)
FNDA:0,(anonymous_14)
FNDA:0,(anonymous_15)
FNDA:0,(anonymous_16)
FNDA:0,(anonymous_17)
FNDA:0,(anonymous_18)
FNDA:0,(anonymous_19)
FNDA:0,(anonymous_20)
FNDA:0,(anonymous_21)
FNDA:0,(anonymous_22)
FNDA:0,(anonymous_23)
FNDA:0,(anonymous_24)
FNDA:0,(anonymous_25)
FNDA:0,(anonymous_26)
FNDA:0,(anonymous_27)
DA:3,1
DA:6,1
DA:7,1
DA:8,0
DA:9,0
DA:10,0
DA:13,1
DA:14,0
DA:15,0
DA:16,0
DA:18,0
DA:19,0
DA:20,0
DA:22,0
DA:23,0
DA:24,0
DA:26,0
DA:27,0
DA:28,0
DA:30,0
DA:31,0
DA:32,0
DA:34,0
DA:35,0
DA:36,0
DA:38,0
DA:39,0
DA:40,0
DA:42,0
DA:43,0
DA:44,0
DA:47,0
DA:48,0
DA:49,0
DA:53,0
DA:55,0
DA:56,0
DA:57,0
DA:59,0
DA:60,0
DA:61,0
DA:63,0
DA:64,0
DA:65,0
DA:68,0
DA:69,0
DA:71,0
DA:72,0
DA:74,0
DA:76,0
DA:77,0
DA:80,0
DA:103,0
DA:104,0
DA:105,0
DA:106,0
DA:108,0
DA:109,0
DA:111,0
DA:112,0
DA:113,0
DA:114,0
DA:116,0
DA:117,0
DA:119,0
DA:120,0
DA:121,0
DA:122,0
DA:124,0
DA:125,0
DA:127,0
DA:128,0
DA:129,0
DA:130,0
DA:132,0
DA:133,0
DA:137,0
DA:138,0
DA:139,0
DA:154,1
DA:155,0
DA:156,0
DA:158,0
DA:161,0
DA:163,0
DA:164,0
DA:168,0
DA:169,0
DA:170,0
DA:179,1
DA:180,0
DA:186,0
DA:187,0
DA:188,0
DA:194,1
DA:195,0
DA:201,0
DA:202,0
DA:209,1
DA:211,1
DA:212,0
DA:218,1
DA:219,0
DA:223,1
DA:224,0
DA:228,1
DA:229,0
DA:238,1
DA:239,1
DA:240,1
DA:241,0
LF:111
LH:15
BRDA:15,1,0,0
BRDA:15,1,1,0
BRDA:16,2,0,0
BRDA:16,2,1,0
BRDA:16,2,2,0
BRDA:16,2,3,0
BRDA:16,2,4,0
BRDA:16,2,5,0
BRDA:16,2,6,0
BRDA:57,3,0,0
BRDA:57,3,1,0
BRDA:57,3,2,0
BRDA:63,4,0,0
BRDA:63,4,1,0
BRDA:71,5,0,0
BRDA:71,5,1,0
BRDA:71,6,0,0
BRDA:71,6,1,0
BRDA:71,6,2,0
BRDA:85,7,0,0
BRDA:85,7,1,0
BRDA:91,8,0,0
BRDA:91,8,1,0
BRDA:109,9,0,0
BRDA:109,9,1,0
BRDA:113,10,0,0
BRDA:113,10,1,0
BRDA:117,11,0,0
BRDA:117,11,1,0
BRDA:122,12,0,0
BRDA:122,12,1,0
BRDA:122,12,2,0
BRDA:122,12,3,0
BRDA:125,13,0,0
BRDA:125,13,1,0
BRDA:130,14,0,0
BRDA:130,14,1,0
BRDA:130,14,2,0
BRDA:133,15,0,0
BRDA:133,15,1,0
BRDA:138,16,0,0
BRDA:138,16,1,0
BRDA:158,17,0,0
BRDA:158,17,1,0
BRF:44
BRH:0
end_of_record
TN:
SF:F:\Dev\BoardOS\client\app\main\main.controller.spec.js
FN:3,(anonymous_1)
FN:11,(anonymous_2)
FN:14,(anonymous_3)
FN:21,(anonymous_4)
FNF:4
FNH:4
FNDA:1,(anonymous_1)
FNDA:1,(anonymous_2)
FNDA:1,(anonymous_3)
FNDA:1,(anonymous_4)
DA:3,1
DA:4,1
DA:5,1
DA:8,1
DA:11,1
DA:13,1
DA:14,1
DA:15,1
DA:21,1
DA:22,1
DA:23,1
LF:11
LH:11
BRF:0
BRH:0
end_of_record
TN:
SF:F:\Dev\BoardOS\client\app\main\main.js
FN:4,(anonymous_1)
FNF:1
FNH:1
FNDA:32,(anonymous_1)
DA:3,1
DA:5,32
LF:2
LH:2
BRF:0
BRH:0
end_of_record
TN:
SF:F:\Dev\BoardOS\client\app\myregex\myregex.filter.js
FN:4,(anonymous_1)
FN:6,(anonymous_2)
FNF:2
FNH:1
FNDA:1,(anonymous_1)
FNDA:0,(anonymous_2)
DA:3,1
DA:5,1
DA:6,1
DA:7,0
DA:8,0
DA:9,0
DA:11,0
DA:13,0
DA:15,0
DA:16,0
DA:19,0
DA:20,0
DA:21,0
DA:24,0
LF:14
LH:3
BRDA:7,1,0,0
BRDA:7,1,1,0
BRDA:7,2,0,0
BRDA:7,2,1,0
BRDA:15,3,0,0
BRDA:15,3,1,0
BRDA:20,4,0,0
BRDA:20,4,1,0
BRF:8
BRH:0
end_of_record
TN:
SF:F:\Dev\BoardOS\client\app\myregex\myregex.filter.spec.js
FN:3,(anonymous_1)
FN:10,(anonymous_2)
FN:14,(anonymous_3)
FNF:3
FNH:3
FNDA:1,(anonymous_1)
FNDA:1,(anonymous_2)
FNDA:1,(anonymous_3)
DA:3,1
DA:6,1
DA:9,1
DA:10,1
DA:11,1
DA:14,1
DA:15,1
DA:16,1
LF:8
LH:8
BRF:0
BRH:0
end_of_record
TN:
SF:F:\Dev\BoardOS\client\app\ngEnter\ngEnter.js
FN:4,(anonymous_1)
FN:5,(anonymous_2)
FN:6,(anonymous_3)
FN:8,(anonymous_4)
FNF:4
FNH:0
FNDA:0,(anonymous_1)
FNDA:0,(anonymous_2)
FNDA:0,(anonymous_3)
FNDA:0,(anonymous_4)
DA:3,1
DA:5,0
DA:6,0
DA:7,0
DA:8,0
DA:9,0
DA:11,0
LF:7
LH:1
BRDA:7,1,0,0
BRDA:7,1,1,0
BRF:2
BRH:0
end_of_record
TN:
SF:F:\Dev\BoardOS\client\app\obeya\obeya.controller.js
FN:4,(anonymous_1)
FNF:1
FNH:0
FNDA:0,(anonymous_1)
DA:3,1
LF:1
LH:1
BRF:0
BRH:0
end_of_record
TN:
SF:F:\Dev\BoardOS\client\app\obeya\obeya.controller.spec.js
FN:3,(anonymous_1)
FN:11,(anonymous_2)
FN:13,(anonymous_3)
FN:20,(anonymous_4)
FNF:4
FNH:1
FNDA:1,(anonymous_1)
FNDA:0,(anonymous_2)
FNDA:0,(anonymous_3)
FNDA:0,(anonymous_4)
DA:3,1
DA:4,1
DA:5,1
DA:8,1
DA:11,1
DA:12,0
DA:13,0
DA:14,0
DA:20,1
DA:21,0
DA:23,0
LF:11
LH:6
BRF:0
BRH:0
end_of_record
TN:
SF:F:\Dev\BoardOS\client\app\obeya\obeya.js
FN:4,(anonymous_1)
FNF:1
FNH:1
FNDA:32,(anonymous_1)
DA:3,1
DA:5,32
LF:2
LH:2
BRF:0
BRH:0
end_of_record
TN:
SF:F:\Dev\BoardOS\client\app\popoverHtmlUnsafePopup\popoverHtmlUnsafePopup.directive.js
FN:4,(anonymous_1)
FN:26,(anonymous_2)
FNF:2
FNH:0
FNDA:0,(anonymous_1)
FNDA:0,(anonymous_2)
DA:3,1
DA:5,0
DA:25,1
DA:27,0
LF:4
LH:2
BRF:0
BRH:0
end_of_record
TN:
SF:F:\Dev\BoardOS\client\app\process\process.controller.js
FN:4,(anonymous_1)
FNF:1
FNH:1
FNDA:1,(anonymous_1)
DA:3,1
DA:5,1
LF:2
LH:2
BRF:0
BRH:0
end_of_record
TN:
SF:F:\Dev\BoardOS\client\app\process\process.controller.spec.js
FN:3,(anonymous_1)
FN:11,(anonymous_2)
FN:18,(anonymous_3)
FNF:3
FNH:3
FNDA:1,(anonymous_1)
FNDA:1,(anonymous_2)
FNDA:1,(anonymous_3)
DA:3,1
DA:6,1
DA:8,1
DA:11,1
DA:12,1
DA:13,1
DA:18,1
DA:19,1
LF:8
LH:8
BRF:0
BRH:0
end_of_record
TN:
SF:F:\Dev\BoardOS\client\app\process\process.js
FN:4,(anonymous_1)
FNF:1
FNH:1
FNDA:32,(anonymous_1)
DA:3,1
DA:5,32
LF:2
LH:2
BRF:0
BRH:0
end_of_record
TN:
SF:F:\Dev\BoardOS\client\app\task\task.controller.js
FN:5,(anonymous_1)
FN:17,(anonymous_2)
FN:21,(anonymous_3)
FN:28,(anonymous_4)
FN:32,(anonymous_5)
FN:33,(anonymous_6)
FN:37,(anonymous_7)
FN:38,(anonymous_8)
FN:43,(anonymous_9)
FN:50,(anonymous_10)
FN:52,(anonymous_11)
FN:59,(anonymous_12)
FN:75,(anonymous_13)
FN:87,(anonymous_14)
FN:91,(anonymous_15)
FN:117,(anonymous_16)
FN:126,(anonymous_17)
FN:131,(anonymous_18)
FN:138,(anonymous_19)
FN:142,(anonymous_20)
FN:146,(anonymous_21)
FN:152,(anonymous_22)
FN:165,(anonymous_23)
FN:173,(anonymous_24)
FN:175,(anonymous_25)
FN:191,(anonymous_26)
FN:195,(anonymous_27)
FN:209,(anonymous_28)
FN:230,(anonymous_29)
FN:247,(anonymous_30)
FN:262,(anonymous_31)
FN:277,(anonymous_32)
FN:281,(anonymous_33)
FN:288,(anonymous_34)
FN:296,(anonymous_35)
FN:321,(anonymous_36)
FN:329,(anonymous_37)
FN:347,(anonymous_38)
FN:354,(anonymous_39)
FN:355,(anonymous_40)
FN:369,(anonymous_41)
FN:422,(anonymous_42)
FN:424,(anonymous_43)
FN:436,(anonymous_44)
FN:458,(anonymous_45)
FN:462,(anonymous_46)
FN:465,(anonymous_47)
FN:471,(anonymous_48)
FN:486,(anonymous_49)
FN:490,(anonymous_50)
FN:497,(anonymous_51)
FN:504,(anonymous_52)
FN:511,(anonymous_53)
FN:567,(anonymous_54)
FN:578,(anonymous_55)
FN:587,(anonymous_56)
FN:589,(anonymous_57)
FN:604,(anonymous_58)
FN:618,(anonymous_59)
FN:620,(anonymous_60)
FN:622,(anonymous_61)
FN:630,(anonymous_62)
FN:632,(anonymous_63)
FN:642,(anonymous_64)
FN:643,(anonymous_65)
FN:645,(anonymous_66)
FN:654,(anonymous_67)
FN:658,(anonymous_68)
FN:660,(anonymous_69)
FN:669,(anonymous_70)
FN:671,(anonymous_71)
FN:681,(anonymous_72)
FN:682,(anonymous_73)
FN:685,(anonymous_74)
FN:687,(anonymous_75)
FN:697,(anonymous_76)
FN:705,(anonymous_77)
FN:717,(anonymous_78)
FN:723,(anonymous_79)
FN:728,(anonymous_80)
FN:734,(anonymous_81)
FN:745,(anonymous_82)
FN:746,(anonymous_83)
FN:755,(anonymous_84)
FN:762,(anonymous_85)
FN:772,(anonymous_86)
FN:777,(anonymous_87)
FN:782,(anonymous_88)
FN:793,(anonymous_89)
FN:794,(anonymous_90)
FN:802,(anonymous_91)
FN:814,(anonymous_92)
FN:819,(anonymous_93)
FN:824,(anonymous_94)
FN:825,(anonymous_95)
FN:832,(anonymous_96)
FN:836,(anonymous_97)
FN:841,(anonymous_98)
FN:845,(anonymous_99)
FN:853,(anonymous_100)
FN:858,(anonymous_101)
FN:862,(anonymous_102)
FN:867,(anonymous_103)
FN:871,(anonymous_104)
FN:876,(anonymous_105)
FN:883,(anonymous_106)
FN:897,average
FN:898,(anonymous_108)
FN:903,(anonymous_109)
FN:920,(anonymous_110)
FN:929,(anonymous_111)
FN:933,(anonymous_112)
FN:938,(anonymous_113)
FN:942,(anonymous_114)
FN:946,(anonymous_115)
FN:953,(anonymous_116)
FN:957,(anonymous_117)
FN:962,(anonymous_118)
FN:966,(anonymous_119)
FN:985,(anonymous_120)
FN:1014,(anonymous_121)
FN:1016,(anonymous_122)
FNF:122
FNH:5
FNDA:7,(anonymous_1)
FNDA:0,(anonymous_2)
FNDA:3,(anonymous_3)
FNDA:0,(anonymous_4)
FNDA:0,(anonymous_5)
FNDA:0,(anonymous_6)
FNDA:0,(anonymous_7)
FNDA:0,(anonymous_8)
FNDA:0,(anonymous_9)
FNDA:0,(anonymous_10)
FNDA:0,(anonymous_11)
FNDA:0,(anonymous_12)
FNDA:0,(anonymous_13)
FNDA:0,(anonymous_14)
FNDA:0,(anonymous_15)
FNDA:0,(anonymous_16)
FNDA:0,(anonymous_17)
FNDA:0,(anonymous_18)
FNDA:0,(anonymous_19)
FNDA:0,(anonymous_20)
FNDA:0,(anonymous_21)
FNDA:0,(anonymous_22)
FNDA:0,(anonymous_23)
FNDA:0,(anonymous_24)
FNDA:0,(anonymous_25)
FNDA:0,(anonymous_26)
FNDA:0,(anonymous_27)
FNDA:0,(anonymous_28)
FNDA:0,(anonymous_29)
FNDA:0,(anonymous_30)
FNDA:0,(anonymous_31)
FNDA:0,(anonymous_32)
FNDA:0,(anonymous_33)
FNDA:0,(anonymous_34)
FNDA:0,(anonymous_35)
FNDA:0,(anonymous_36)
FNDA:0,(anonymous_37)
FNDA:0,(anonymous_38)
FNDA:0,(anonymous_39)
FNDA:0,(anonymous_40)
FNDA:0,(anonymous_41)
FNDA:0,(anonymous_42)
FNDA:0,(anonymous_43)
FNDA:7,(anonymous_44)
FNDA:0,(anonymous_45)
FNDA:0,(anonymous_46)
FNDA:0,(anonymous_47)
FNDA:0,(anonymous_48)
FNDA:0,(anonymous_49)
FNDA:0,(anonymous_50)
FNDA:0,(anonymous_51)
FNDA:0,(anonymous_52)
FNDA:0,(anonymous_53)
FNDA:0,(anonymous_54)
FNDA:0,(anonymous_55)
FNDA:0,(anonymous_56)
FNDA:0,(anonymous_57)
FNDA:0,(anonymous_58)
FNDA:0,(anonymous_59)
FNDA:0,(anonymous_60)
FNDA:0,(anonymous_61)
FNDA:0,(anonymous_62)
FNDA:0,(anonymous_63)
FNDA:0,(anonymous_64)
FNDA:0,(anonymous_65)
FNDA:0,(anonymous_66)
FNDA:0,(anonymous_67)
FNDA:0,(anonymous_68)
FNDA:0,(anonymous_69)
FNDA:0,(anonymous_70)
FNDA:0,(anonymous_71)
FNDA:0,(anonymous_72)
FNDA:0,(anonymous_73)
FNDA:0,(anonymous_74)
FNDA:0,(anonymous_75)
FNDA:0,(anonymous_76)
FNDA:0,(anonymous_77)
FNDA:0,(anonymous_78)
FNDA:0,(anonymous_79)
FNDA:0,(anonymous_80)
FNDA:0,(anonymous_81)
FNDA:0,(anonymous_82)
FNDA:0,(anonymous_83)
FNDA:0,(anonymous_84)
FNDA:0,(anonymous_85)
FNDA:0,(anonymous_86)
FNDA:0,(anonymous_87)
FNDA:0,(anonymous_88)
FNDA:0,(anonymous_89)
FNDA:0,(anonymous_90)
FNDA:0,(anonymous_91)
FNDA:0,(anonymous_92)
FNDA:0,(anonymous_93)
FNDA:0,(anonymous_94)
FNDA:0,(anonymous_95)
FNDA:0,(anonymous_96)
FNDA:0,(anonymous_97)
FNDA:0,(anonymous_98)
FNDA:0,(anonymous_99)
FNDA:7,(anonymous_100)
FNDA:0,(anonymous_101)
FNDA:0,(anonymous_102)
FNDA:0,(anonymous_103)
FNDA:7,(anonymous_104)
FNDA:0,(anonymous_105)
FNDA:0,(anonymous_106)
FNDA:0,average
FNDA:0,(anonymous_108)
FNDA:0,(anonymous_109)
FNDA:0,(anonymous_110)
FNDA:0,(anonymous_111)
FNDA:0,(anonymous_112)
FNDA:0,(anonymous_113)
FNDA:0,(anonymous_114)
FNDA:0,(anonymous_115)
FNDA:0,(anonymous_116)
FNDA:0,(anonymous_117)
FNDA:0,(anonymous_118)
FNDA:0,(anonymous_119)
FNDA:0,(anonymous_120)
FNDA:0,(anonymous_121)
FNDA:0,(anonymous_122)
DA:4,1
DA:8,7
DA:9,7
DA:10,7
DA:11,7
DA:12,7
DA:14,7
DA:17,7
DA:18,0
DA:21,7
DA:22,3
DA:25,7
DA:29,0
DA:30,0
DA:33,0
DA:34,0
DA:42,7
DA:50,7
DA:51,0
DA:52,0
DA:53,0
DA:59,7
DA:60,0
DA:61,0
DA:62,0
DA:63,0
DA:76,0
DA:77,0
DA:78,0
DA:87,7
DA:88,0
DA:91,7
DA:92,0
DA:94,0
DA:95,0
DA:97,0
DA:98,0
DA:100,0
DA:101,0
DA:107,7
DA:108,7
DA:109,7
DA:110,7
DA:111,7
DA:112,7
DA:113,7
DA:117,7
DA:118,0
DA:120,7
DA:123,7
DA:126,7
DA:127,0
DA:128,0
DA:131,7
DA:132,0
DA:136,0
DA:138,7
DA:139,0
DA:142,7
DA:143,0
DA:146,7
DA:147,0
DA:148,0
DA:150,0
DA:154,0
DA:155,0
DA:156,0
DA:165,7
DA:166,0
DA:167,0
DA:168,0
DA:169,0
DA:173,7
DA:174,0
DA:175,0
DA:177,0
DA:178,0
DA:179,0
DA:180,0
DA:181,0
DA:182,0
DA:185,0
DA:191,7
DA:193,0
DA:194,0
DA:195,0
DA:196,0
DA:199,0
DA:200,0
DA:201,0
DA:202,0
DA:204,0
DA:205,0
DA:208,0
DA:209,0
DA:210,0
DA:211,0
DA:212,0
DA:213,0
DA:214,0
DA:216,0
DA:217,0
DA:219,0
DA:230,7
DA:232,0
DA:233,0
DA:234,0
DA:238,0
DA:247,7
DA:248,0
DA:249,0
DA:250,0
DA:251,0
DA:252,0
DA:253,0
DA:255,0
DA:261,7
DA:262,7
DA:263,0
DA:264,0
DA:272,0
DA:277,7
DA:278,0
DA:281,7
DA:282,0
DA:283,0
DA:285,0
DA:288,7
DA:289,0
DA:296,0
DA:298,0
DA:299,0
DA:307,0
DA:321,7
DA:322,0
DA:329,0
DA:330,0
DA:340,0
DA:341,0
DA:342,0
DA:343,0
DA:345,0
DA:347,0
DA:348,0
DA:349,0
DA:351,0
DA:352,0
DA:354,0
DA:355,0
DA:356,0
DA:357,0
DA:358,0
DA:359,0
DA:360,0
DA:369,7
DA:370,0
DA:374,7
DA:395,7
DA:422,7
DA:423,0
DA:424,0
DA:425,0
DA:426,0
DA:429,0
DA:436,7
DA:437,7
DA:438,7
DA:439,7
DA:441,7
DA:443,7
DA:444,7
DA:445,7
DA:446,7
DA:447,7
DA:448,7
DA:449,7
DA:450,7
DA:451,7
DA:452,7
DA:453,7
DA:455,7
DA:456,0
DA:458,0
DA:460,0
DA:461,0
DA:462,0
DA:463,0
DA:464,0
DA:465,0
DA:466,0
DA:467,0
DA:471,0
DA:472,0
DA:473,0
DA:475,0
DA:476,0
DA:479,0
DA:480,0
DA:486,0
DA:487,0
DA:490,0
DA:491,0
DA:494,0
DA:495,0
DA:497,0
DA:498,0
DA:504,0
DA:505,0
DA:506,0
DA:511,7
DA:513,0
DA:514,0
DA:515,0
DA:517,0
DA:518,0
DA:519,0
DA:520,0
DA:521,0
DA:524,0
DA:525,0
DA:526,0
DA:527,0
DA:529,0
DA:530,0
DA:532,0
DA:536,0
DA:537,0
DA:538,0
DA:544,0
DA:545,0
DA:550,0
DA:551,0
DA:556,0
DA:557,0
DA:558,0
DA:562,0
DA:567,7
DA:568,0
DA:573,7
DA:578,7
DA:579,0
DA:582,0
DA:588,0
DA:589,0
DA:590,0
DA:591,0
DA:592,0
DA:593,0
DA:596,0
DA:597,0
DA:598,0
DA:604,0
DA:605,0
DA:606,0
DA:607,0
DA:608,0
DA:618,7
DA:619,0
DA:620,0
DA:621,0
DA:622,0
DA:623,0
DA:624,0
DA:625,0
DA:627,0
DA:630,0
DA:631,0
DA:632,0
DA:633,0
DA:634,0
DA:635,0
DA:637,0
DA:642,7
DA:643,0
DA:644,0
DA:645,0
DA:646,0
DA:647,0
DA:648,0
DA:650,0
DA:654,7
DA:655,0
DA:656,0
DA:658,0
DA:659,0
DA:660,0
DA:661,0
DA:662,0
DA:663,0
DA:669,0
DA:670,0
DA:671,0
DA:672,0
DA:673,0
DA:674,0
DA:681,7
DA:682,0
DA:683,0
DA:684,0
DA:685,0
DA:686,0
DA:687,0
DA:688,0
DA:689,0
DA:691,0
DA:697,7
DA:698,0
DA:700,0
DA:707,0
DA:717,7
DA:718,0
DA:719,0
DA:723,7
DA:724,0
DA:725,0
DA:728,7
DA:729,0
DA:730,0
DA:734,7
DA:735,0
DA:736,0
DA:737,0
DA:738,0
DA:739,0
DA:741,0
DA:745,7
DA:746,0
DA:747,0
DA:749,0
DA:750,0
DA:751,0
DA:755,7
DA:756,0
DA:762,7
DA:765,0
DA:772,7
DA:773,0
DA:774,0
DA:777,7
DA:778,0
DA:779,0
DA:782,7
DA:783,0
DA:784,0
DA:785,0
DA:786,0
DA:787,0
DA:789,0
DA:793,7
DA:794,0
DA:795,0
DA:797,0
DA:798,0
DA:799,0
DA:802,7
DA:803,0
DA:807,0
DA:814,7
DA:815,0
DA:816,0
DA:819,7
DA:820,0
DA:821,0
DA:824,7
DA:825,0
DA:826,0
DA:828,0
DA:829,0
DA:832,7
DA:833,0
DA:834,0
DA:837,0
DA:841,7
DA:842,0
DA:843,0
DA:846,0
DA:851,7
DA:853,7
DA:854,7
DA:856,7
DA:858,7
DA:859,0
DA:862,7
DA:863,0
DA:867,7
DA:868,0
DA:871,7
DA:872,7
DA:874,7
DA:876,7
DA:877,0
DA:878,0
DA:880,0
DA:883,7
DA:884,0
DA:885,0
DA:887,0
DA:890,7
DA:895,7
DA:897,1
DA:898,0
DA:899,0
DA:903,7
DA:904,0
DA:911,0
DA:921,0
DA:929,0
DA:930,0
DA:931,0
DA:934,0
DA:938,0
DA:939,0
DA:942,0
DA:943,0
DA:947,0
DA:953,0
DA:954,0
DA:955,0
DA:958,0
DA:962,0
DA:963,0
DA:966,0
DA:967,0
DA:971,0
DA:985,0
DA:986,0
DA:989,0
DA:992,0
DA:1014,0
DA:1015,0
DA:1016,0
DA:1017,0
DA:1018,0
DA:1021,0
LF:434
LH:105
BRDA:60,1,0,0
BRDA:60,1,1,0
BRDA:60,2,0,0
BRDA:60,2,1,0
BRDA:60,2,2,0
BRDA:61,3,0,0
BRDA:61,3,1,0
BRDA:76,4,0,0
BRDA:76,4,1,0
BRDA:92,5,0,0
BRDA:92,5,1,0
BRDA:92,5,2,0
BRDA:118,6,0,0
BRDA:118,6,1,0
BRDA:118,6,2,0
BRDA:118,6,3,0
BRDA:147,7,0,0
BRDA:147,7,1,0
BRDA:154,8,0,0
BRDA:154,8,1,0
BRDA:174,9,0,0
BRDA:174,9,1,0
BRDA:177,10,0,0
BRDA:177,10,1,0
BRDA:179,11,0,0
BRDA:179,11,1,0
BRDA:179,12,0,0
BRDA:179,12,1,0
BRDA:181,13,0,0
BRDA:181,13,1,0
BRDA:194,14,0,0
BRDA:194,14,1,0
BRDA:199,15,0,0
BRDA:199,15,1,0
BRDA:204,16,0,0
BRDA:204,16,1,0
BRDA:204,17,0,0
BRDA:204,17,1,0
BRDA:204,17,2,0
BRDA:204,17,3,0
BRDA:204,17,4,0
BRDA:208,18,0,0
BRDA:208,18,1,0
BRDA:208,19,0,0
BRDA:208,19,1,0
BRDA:208,19,2,0
BRDA:212,20,0,0
BRDA:212,20,1,0
BRDA:212,21,0,0
BRDA:212,21,1,0
BRDA:212,21,2,0
BRDA:212,21,3,0
BRDA:213,22,0,0
BRDA:213,22,1,0
BRDA:216,23,0,0
BRDA:216,23,1,0
BRDA:234,24,0,0
BRDA:234,24,1,0
BRDA:248,25,0,0
BRDA:248,25,1,0
BRDA:250,26,0,0
BRDA:250,26,1,0
BRDA:250,27,0,0
BRDA:250,27,1,0
BRDA:252,28,0,0
BRDA:252,28,1,0
BRDA:252,29,0,0
BRDA:252,29,1,0
BRDA:348,30,0,0
BRDA:348,30,1,0
BRDA:425,31,0,0
BRDA:425,31,1,0
BRDA:425,32,0,0
BRDA:425,32,1,0
BRDA:429,33,0,0
BRDA:429,33,1,0
BRDA:441,34,0,7
BRDA:441,34,1,7
BRDA:455,35,0,0
BRDA:455,35,1,7
BRDA:456,36,0,0
BRDA:456,36,1,0
BRDA:475,37,0,0
BRDA:475,37,1,0
BRDA:494,38,0,0
BRDA:494,38,1,0
BRDA:495,39,0,0
BRDA:495,39,1,0
BRDA:498,40,0,0
BRDA:498,40,1,0
BRDA:515,41,0,0
BRDA:515,41,1,0
BRDA:517,42,0,0
BRDA:517,42,1,0
BRDA:526,43,0,0
BRDA:526,43,1,0
BRDA:529,44,0,0
BRDA:529,44,1,0
BRDA:532,45,0,0
BRDA:532,45,1,0
BRDA:579,46,0,0
BRDA:579,46,1,0
BRDA:588,47,0,0
BRDA:588,47,1,0
BRDA:619,48,0,0
BRDA:619,48,1,0
BRDA:656,49,0,0
BRDA:656,49,1,0
BRDA:659,50,0,0
BRDA:659,50,1,0
BRDA:670,51,0,0
BRDA:670,51,1,0
BRDA:683,52,0,0
BRDA:683,52,1,0
BRDA:718,53,0,0
BRDA:718,53,1,0
BRDA:736,54,0,0
BRDA:736,54,1,0
BRDA:784,55,0,0
BRDA:784,55,1,0
BRDA:833,56,0,0
BRDA:833,56,1,0
BRDA:842,57,0,0
BRDA:842,57,1,0
BRDA:868,58,0,0
BRDA:868,58,1,0
BRDA:868,58,2,0
BRDA:872,59,0,0
BRDA:872,59,1,7
BRDA:900,60,0,0
BRDA:900,60,1,0
BRDA:930,61,0,0
BRDA:930,61,1,0
BRDA:954,62,0,0
BRDA:954,62,1,0
BRDA:989,63,0,0
BRDA:989,63,1,0
BRDA:989,64,0,0
BRDA:989,64,1,0
BRDA:1017,65,0,0
BRDA:1017,65,1,0
BRDA:1017,66,0,0
BRDA:1017,66,1,0
BRDA:1021,67,0,0
BRDA:1021,67,1,0
BRF:145
BRH:4
end_of_record
TN:
SF:F:\Dev\BoardOS\client\app\task\task.controller.spec.js
FN:3,(anonymous_1)
FN:11,(anonymous_2)
FN:33,(anonymous_3)
FN:40,(anonymous_4)
FN:41,(anonymous_5)
FN:46,(anonymous_6)
FN:51,(anonymous_7)
FN:55,(anonymous_8)
FN:60,(anonymous_9)
FN:67,(anonymous_10)
FN:69,(anonymous_11)
FN:75,(anonymous_12)
FNF:12
FNH:12
FNDA:1,(anonymous_1)
FNDA:7,(anonymous_2)
FNDA:7,(anonymous_3)
FNDA:1,(anonymous_4)
FNDA:1,(anonymous_5)
FNDA:1,(anonymous_6)
FNDA:1,(anonymous_7)
FNDA:1,(anonymous_8)
FNDA:1,(anonymous_9)
FNDA:1,(anonymous_10)
FNDA:1,(anonymous_11)
FNDA:1,(anonymous_12)
DA:3,1
DA:4,1
DA:5,1
DA:8,1
DA:11,1
DA:13,7
DA:15,7
DA:16,7
DA:17,7
DA:19,7
DA:22,7
DA:24,7
DA:27,7
DA:28,7
DA:29,7
DA:30,7
DA:31,7
DA:32,7
DA:33,7
DA:34,7
DA:40,1
DA:41,1
DA:42,1
DA:43,1
DA:46,1
DA:47,1
DA:48,1
DA:51,1
DA:52,1
DA:53,1
DA:55,1
DA:56,1
DA:57,1
DA:60,1
DA:61,1
DA:62,1
DA:67,1
DA:69,1
DA:70,1
DA:71,1
DA:72,1
DA:75,1
DA:76,1
DA:77,1
DA:78,1
DA:79,1
LF:46
LH:46
BRF:0
BRH:0
end_of_record
TN:
SF:F:\Dev\BoardOS\client\app\task\task.js
FN:4,(anonymous_1)
FNF:1
FNH:1
FNDA:32,(anonymous_1)
DA:3,1
DA:5,32
LF:2
LH:2
BRF:0
BRH:0
end_of_record
TN:
SF:F:\Dev\BoardOS\client\app\tasks\tasks.controller.js
FN:5,(anonymous_1)
FN:29,(anonymous_2)
FN:35,(anonymous_3)
FN:39,(anonymous_4)
FN:56,(anonymous_5)
FN:60,(anonymous_6)
FN:61,(anonymous_7)
FN:65,(anonymous_8)
FN:92,(anonymous_9)
FN:94,(anonymous_10)
FN:121,(anonymous_11)
FN:122,(anonymous_12)
FN:142,(anonymous_13)
FN:152,(anonymous_14)
FN:166,(anonymous_15)
FN:171,(anonymous_16)
FN:175,(anonymous_17)
FN:176,(anonymous_18)
FN:178,(anonymous_19)
FNF:19
FNH:12
FNDA:15,(anonymous_1)
FNDA:74,(anonymous_2)
FNDA:413,(anonymous_3)
FNDA:590,(anonymous_4)
FNDA:29,(anonymous_5)
FNDA:30,(anonymous_6)
FNDA:30,(anonymous_7)
FNDA:210,(anonymous_8)
FNDA:59,(anonymous_9)
FNDA:229,(anonymous_10)
FNDA:30,(anonymous_11)
FNDA:210,(anonymous_12)
FNDA:0,(anonymous_13)
FNDA:0,(anonymous_14)
FNDA:0,(anonymous_15)
FNDA:0,(anonymous_16)
FNDA:0,(anonymous_17)
FNDA:0,(anonymous_18)
FNDA:0,(anonymous_19)
DA:4,1
DA:6,15
DA:7,15
DA:8,15
DA:9,15
DA:10,15
DA:11,15
DA:12,15
DA:13,15
DA:14,15
DA:15,15
DA:16,15
DA:17,15
DA:18,15
DA:19,15
DA:20,15
DA:21,15
DA:22,15
DA:23,15
DA:25,15
DA:26,15
DA:29,15
DA:30,74
DA:31,74
DA:32,74
DA:33,74
DA:35,74
DA:36,413
DA:38,413
DA:39,413
DA:40,590
DA:41,552
DA:44,413
DA:45,413
DA:46,413
DA:47,413
DA:48,413
DA:49,413
DA:50,413
DA:51,413
DA:52,413
DA:56,15
DA:57,29
DA:60,15
DA:61,30
DA:62,30
DA:65,30
DA:66,210
DA:67,30
DA:69,210
DA:70,30
DA:72,210
DA:73,30
DA:75,210
DA:76,30
DA:85,30
DA:88,30
DA:92,15
DA:93,59
DA:94,59
DA:95,229
DA:97,229
DA:99,0
DA:101,0
DA:103,0
DA:105,0
DA:107,0
DA:109,0
DA:111,0
DA:115,59
DA:116,59
DA:118,59
DA:121,15
DA:122,30
DA:123,210
DA:124,210
DA:125,210
DA:127,30
DA:128,0
DA:130,30
DA:131,30
DA:133,30
DA:135,180
DA:137,210
DA:142,15
DA:143,0
DA:144,0
DA:145,0
DA:146,0
DA:148,0
DA:149,0
DA:152,15
DA:153,0
DA:155,0
DA:156,0
DA:157,0
DA:159,0
DA:160,0
DA:163,0
DA:166,15
DA:167,0
DA:168,0
DA:171,15
DA:172,0
DA:175,15
DA:176,0
DA:177,0
DA:178,0
DA:179,0
DA:180,0
DA:186,15
LF:111
LH:82
BRDA:30,1,0,8
BRDA:30,1,1,66
BRDA:31,2,0,4
BRDA:31,2,1,70
BRDA:32,3,0,4
BRDA:32,3,1,70
BRDA:33,4,0,4
BRDA:33,4,1,70
BRDA:38,5,0,385
BRDA:38,5,1,28
BRDA:40,6,0,552
BRDA:40,6,1,38
BRDA:44,7,0,357
BRDA:44,7,1,56
BRDA:44,8,0,56
BRDA:44,8,1,56
BRDA:44,8,2,52
BRDA:44,8,3,44
BRDA:45,9,0,385
BRDA:45,9,1,28
BRDA:45,10,0,28
BRDA:45,10,1,24
BRDA:46,11,0,385
BRDA:46,11,1,28
BRDA:46,12,0,0
BRDA:46,12,1,28
BRDA:46,13,0,28
BRDA:46,13,1,24
BRDA:47,14,0,385
BRDA:47,14,1,28
BRDA:47,15,0,0
BRDA:47,15,1,28
BRDA:47,16,0,28
BRDA:47,16,1,24
BRDA:48,17,0,385
BRDA:48,17,1,28
BRDA:48,18,0,0
BRDA:48,18,1,28
BRDA:48,19,0,28
BRDA:48,19,1,24
BRDA:49,20,0,0
BRDA:49,20,1,413
BRDA:50,21,0,0
BRDA:50,21,1,413
BRDA:51,22,0,413
BRDA:51,22,1,367
BRDA:51,22,2,341
BRDA:51,22,3,315
BRDA:51,22,4,295
BRDA:51,22,5,275
BRDA:51,22,6,255
BRDA:51,22,7,255
BRDA:66,23,0,30
BRDA:66,23,1,180
BRDA:69,24,0,30
BRDA:69,24,1,180
BRDA:72,25,0,30
BRDA:72,25,1,180
BRDA:75,26,0,30
BRDA:75,26,1,180
BRDA:95,27,0,229
BRDA:95,27,1,0
BRDA:95,27,2,0
BRDA:95,27,3,0
BRDA:95,27,4,0
BRDA:95,27,5,0
BRDA:95,27,6,0
BRDA:95,27,7,0
BRDA:115,28,0,59
BRDA:115,28,1,0
BRDA:125,29,0,30
BRDA:125,29,1,180
BRDA:127,30,0,0
BRDA:127,30,1,30
BRDA:130,31,0,30
BRDA:130,31,1,0
BRDA:130,32,0,30
BRDA:130,32,1,0
BRDA:130,32,2,0
BRDA:145,33,0,0
BRDA:145,33,1,0
BRDA:155,34,0,0
BRDA:155,34,1,0
BRDA:177,35,0,0
BRDA:177,35,1,0
BRF:85
BRH:62
end_of_record
TN:
SF:F:\Dev\BoardOS\client\app\tasks\tasks.controller.spec.js
FN:3,(anonymous_1)
FN:11,(anonymous_2)
FN:29,(anonymous_3)
FN:36,(anonymous_4)
FN:55,(anonymous_5)
FN:57,(anonymous_6)
FN:65,(anonymous_7)
FN:74,(anonymous_8)
FN:84,(anonymous_9)
FN:93,(anonymous_10)
FN:103,(anonymous_11)
FN:112,(anonymous_12)
FN:121,(anonymous_13)
FN:130,(anonymous_14)
FN:140,(anonymous_15)
FN:149,(anonymous_16)
FN:158,(anonymous_17)
FN:167,(anonymous_18)
FN:177,(anonymous_19)
FN:186,(anonymous_20)
FNF:20
FNH:20
FNDA:1,(anonymous_1)
FNDA:15,(anonymous_2)
FNDA:15,(anonymous_3)
FNDA:15,(anonymous_4)
FNDA:1,(anonymous_5)
FNDA:1,(anonymous_6)
FNDA:1,(anonymous_7)
FNDA:1,(anonymous_8)
FNDA:1,(anonymous_9)
FNDA:1,(anonymous_10)
FNDA:1,(anonymous_11)
FNDA:1,(anonymous_12)
FNDA:1,(anonymous_13)
FNDA:1,(anonymous_14)
FNDA:1,(anonymous_15)
FNDA:1,(anonymous_16)
FNDA:1,(anonymous_17)
FNDA:1,(anonymous_18)
FNDA:1,(anonymous_19)
FNDA:1,(anonymous_20)
DA:3,1
DA:4,1
DA:5,1
DA:8,1
DA:11,1
DA:13,15
DA:15,15
DA:16,15
DA:17,15
DA:19,15
DA:22,15
DA:23,15
DA:24,15
DA:25,15
DA:26,15
DA:28,15
DA:29,15
DA:30,15
DA:36,1
DA:38,15
DA:39,15
DA:44,15
DA:45,15
DA:48,15
DA:49,15
DA:50,15
DA:51,15
DA:55,1
DA:57,1
DA:58,1
DA:59,1
DA:60,1
DA:61,1
DA:62,1
DA:65,1
DA:66,1
DA:67,1
DA:68,1
DA:69,1
DA:70,1
DA:71,1
DA:74,1
DA:75,1
DA:76,1
DA:77,1
DA:78,1
DA:79,1
DA:81,1
DA:84,1
DA:85,1
DA:86,1
DA:87,1
DA:88,1
DA:89,1
DA:90,1
DA:93,1
DA:94,1
DA:95,1
DA:96,1
DA:97,1
DA:98,1
DA:100,1
DA:103,1
DA:104,1
DA:105,1
DA:106,1
DA:107,1
DA:108,1
DA:109,1
DA:112,1
DA:113,1
DA:114,1
DA:115,1
DA:116,1
DA:117,1
DA:118,1
DA:121,1
DA:122,1
DA:123,1
DA:124,1
DA:125,1
DA:126,1
DA:127,1
DA:130,1
DA:131,1
DA:132,1
DA:133,1
DA:134,1
DA:135,1
DA:136,1
DA:140,1
DA:141,1
DA:142,1
DA:143,1
DA:144,1
DA:145,1
DA:146,1
DA:149,1
DA:150,1
DA:151,1
DA:152,1
DA:153,1
DA:154,1
DA:155,1
DA:158,1
DA:159,1
DA:160,1
DA:161,1
DA:162,1
DA:163,1
DA:164,1
DA:167,1
DA:168,1
DA:169,1
DA:170,1
DA:171,1
DA:172,1
DA:173,1
DA:177,1
DA:178,1
DA:179,1
DA:180,1
DA:181,1
DA:182,1
DA:183,1
DA:186,1
DA:187,1
DA:188,1
DA:189,1
DA:190,1
DA:191,1
DA:192,1
LF:132
LH:132
BRF:0
BRH:0
end_of_record
TN:
SF:F:\Dev\BoardOS\client\app\tasks\tasks.js
FN:4,(anonymous_1)
FNF:1
FNH:1
FNDA:32,(anonymous_1)
DA:3,1
DA:5,32
LF:2
LH:2
BRF:0
BRH:0
end_of_record
TN:
SF:F:\Dev\BoardOS\client\app\whatsnew\whatsnew.controller.js
FN:5,(anonymous_1)
FN:7,(anonymous_2)
FN:20,(anonymous_3)
FN:22,(anonymous_4)
FN:25,(anonymous_5)
FN:32,(anonymous_6)
FN:35,(anonymous_7)
FN:54,(anonymous_8)
FN:60,(anonymous_9)
FN:65,(anonymous_10)
FN:83,(anonymous_11)
FN:92,(anonymous_12)
FN:96,(anonymous_13)
FN:100,(anonymous_14)
FN:106,(anonymous_15)
FN:110,(anonymous_16)
FN:111,(anonymous_17)
FN:113,(anonymous_18)
FNF:18
FNH:0
FNDA:0,(anonymous_1)
FNDA:0,(anonymous_2)
FNDA:0,(anonymous_3)
FNDA:0,(anonymous_4)
FNDA:0,(anonymous_5)
FNDA:0,(anonymous_6)
FNDA:0,(anonymous_7)
FNDA:0,(anonymous_8)
FNDA:0,(anonymous_9)
FNDA:0,(anonymous_10)
FNDA:0,(anonymous_11)
FNDA:0,(anonymous_12)
FNDA:0,(anonymous_13)
FNDA:0,(anonymous_14)
FNDA:0,(anonymous_15)
FNDA:0,(anonymous_16)
FNDA:0,(anonymous_17)
FNDA:0,(anonymous_18)
DA:4,1
DA:7,0
DA:8,0
DA:9,0
DA:10,0
DA:14,0
DA:15,0
DA:16,0
DA:17,0
DA:18,0
DA:20,0
DA:21,0
DA:22,0
DA:23,0
DA:25,0
DA:26,0
DA:27,0
DA:28,0
DA:29,0
DA:32,0
DA:34,0
DA:35,0
DA:36,0
DA:37,0
DA:38,0
DA:42,0
DA:44,0
DA:45,0
DA:49,0
DA:50,0
DA:54,0
DA:55,0
DA:56,0
DA:60,0
DA:61,0
DA:62,0
DA:65,0
DA:66,0
DA:67,0
DA:69,0
DA:70,0
DA:71,0
DA:72,0
DA:75,0
DA:76,0
DA:77,0
DA:78,0
DA:83,0
DA:84,0
DA:88,0
DA:92,0
DA:93,0
DA:96,0
DA:97,0
DA:100,0
DA:101,0
DA:102,0
DA:103,0
DA:106,0
DA:107,0
DA:110,0
DA:111,0
DA:112,0
DA:113,0
DA:114,0
DA:115,0
LF:66
LH:1
BRDA:9,1,0,0
BRDA:9,1,1,0
BRDA:26,2,0,0
BRDA:26,2,1,0
BRDA:27,3,0,0
BRDA:27,3,1,0
BRDA:34,4,0,0
BRDA:34,4,1,0
BRDA:37,5,0,0
BRDA:37,5,1,0
BRDA:42,6,0,0
BRDA:42,6,1,0
BRDA:67,7,0,0
BRDA:67,7,1,0
BRDA:112,8,0,0
BRDA:112,8,1,0
BRF:16
BRH:0
end_of_record
TN:
SF:F:\Dev\BoardOS\client\app\whatsnew\whatsnew.js
FN:4,(anonymous_1)
FNF:1
FNH:1
FNDA:32,(anonymous_1)
DA:3,1
DA:5,32
LF:2
LH:2
BRF:0
BRH:0
end_of_record
TN:
SF:F:\Dev\BoardOS\client\components\auth\auth.service.js
FN:4,Auth
FN:11,(anonymous_2)
FN:30,(anonymous_3)
FN:35,(anonymous_4)
FN:40,(anonymous_5)
FN:50,(anonymous_6)
FN:62,(anonymous_7)
FN:64,(anonymous_8)
FN:69,(anonymous_9)
FN:83,(anonymous_10)
FN:89,(anonymous_11)
FN:91,(anonymous_12)
FN:103,(anonymous_13)
FN:108,(anonymous_14)
FN:110,(anonymous_15)
FN:122,(anonymous_16)
FN:128,(anonymous_17)
FN:130,(anonymous_18)
FN:142,(anonymous_19)
FN:149,(anonymous_20)
FN:152,(anonymous_21)
FN:165,(anonymous_22)
FN:171,(anonymous_23)
FN:185,(anonymous_24)
FN:191,(anonymous_25)
FN:205,(anonymous_26)
FN:211,(anonymous_27)
FN:223,(anonymous_28)
FNF:28
FNH:4
FNDA:32,Auth
FNDA:0,(anonymous_2)
FNDA:0,(anonymous_3)
FNDA:0,(anonymous_4)
FNDA:0,(anonymous_5)
FNDA:0,(anonymous_6)
FNDA:0,(anonymous_7)
FNDA:0,(anonymous_8)
FNDA:0,(anonymous_9)
FNDA:0,(anonymous_10)
FNDA:0,(anonymous_11)
FNDA:0,(anonymous_12)
FNDA:0,(anonymous_13)
FNDA:0,(anonymous_14)
FNDA:0,(anonymous_15)
FNDA:0,(anonymous_16)
FNDA:0,(anonymous_17)
FNDA:0,(anonymous_18)
FNDA:12,(anonymous_19)
FNDA:0,(anonymous_20)
FNDA:0,(anonymous_21)
FNDA:1,(anonymous_22)
FNDA:0,(anonymous_23)
FNDA:1,(anonymous_24)
FNDA:0,(anonymous_25)
FNDA:0,(anonymous_26)
FNDA:0,(anonymous_27)
FNDA:0,(anonymous_28)
DA:3,1
DA:11,32
DA:12,0
DA:17,32
DA:18,0
DA:21,32
DA:31,0
DA:36,0
DA:37,0
DA:38,0
DA:39,0
DA:41,0
DA:42,0
DA:43,0
DA:51,0
DA:52,0
DA:63,0
DA:65,0
DA:66,0
DA:67,0
DA:70,0
DA:71,0
DA:84,0
DA:90,0
DA:92,0
DA:104,0
DA:109,0
DA:111,0
DA:123,0
DA:129,0
DA:131,0
DA:143,12
DA:144,0
DA:147,12
DA:148,12
DA:150,0
DA:151,0
DA:153,0
DA:154,0
DA:166,1
DA:167,0
DA:170,1
DA:172,0
DA:173,0
DA:174,0
DA:186,1
DA:187,0
DA:190,1
DA:192,0
DA:193,0
DA:194,0
DA:206,0
DA:207,0
DA:210,0
DA:212,0
DA:213,0
DA:214,0
DA:224,0
LF:58
LH:11
BRDA:12,1,0,0
BRDA:12,1,1,0
BRDA:17,2,0,0
BRDA:17,2,1,32
BRDA:143,3,0,0
BRDA:143,3,1,12
BRDA:147,4,0,0
BRDA:147,4,1,12
BRDA:166,5,0,0
BRDA:166,5,1,1
BRDA:186,6,0,0
BRDA:186,6,1,1
BRDA:206,7,0,0
BRDA:206,7,1,0
BRDA:207,8,0,0
BRDA:207,8,1,0
BRDA:212,9,0,0
BRDA:212,9,1,0
BRF:18
BRH:5
end_of_record
TN:
SF:F:\Dev\BoardOS\client\components\auth\user.service.js
FN:4,(anonymous_1)
FNF:1
FNH:1
FNDA:32,(anonymous_1)
DA:3,1
DA:5,32
LF:2
LH:2
BRF:0
BRH:0
end_of_record
TN:
SF:F:\Dev\BoardOS\client\components\factory\focus.js
FN:4,(anonymous_1)
FN:5,(anonymous_2)
FN:10,(anonymous_3)
FN:19,(anonymous_4)
FN:20,(anonymous_5)
FN:21,(anonymous_6)
FN:27,(anonymous_7)
FNF:7
FNH:1
FNDA:7,(anonymous_1)
FNDA:0,(anonymous_2)
FNDA:0,(anonymous_3)
FNDA:0,(anonymous_4)
FNDA:0,(anonymous_5)
FNDA:0,(anonymous_6)
FNDA:0,(anonymous_7)
DA:3,1
DA:5,7
DA:10,0
DA:11,0
DA:12,0
DA:13,0
DA:20,0
DA:21,0
DA:22,0
DA:27,0
DA:28,0
LF:11
LH:2
BRDA:12,1,0,0
BRDA:12,1,1,0
BRF:2
BRH:0
end_of_record
TN:
SF:F:\Dev\BoardOS\client\components\factory\service.js
FN:3,(anonymous_1)
FN:16,(anonymous_2)
FN:19,(anonymous_3)
FN:22,(anonymous_4)
FN:46,(anonymous_5)
FN:55,(anonymous_6)
FN:66,(anonymous_7)
FN:67,(anonymous_8)
FN:84,(anonymous_9)
FN:93,(anonymous_10)
FN:110,(anonymous_11)
FN:112,(anonymous_12)
FN:114,(anonymous_13)
FN:137,(anonymous_14)
FN:149,(anonymous_15)
FN:158,(anonymous_16)
FN:175,(anonymous_17)
FN:177,(anonymous_18)
FN:179,(anonymous_19)
FN:190,(anonymous_20)
FN:205,(anonymous_21)
FN:213,(anonymous_22)
FN:223,(anonymous_23)
FN:224,(anonymous_24)
FN:233,(anonymous_25)
FN:239,(anonymous_26)
FN:254,(anonymous_27)
FN:258,(anonymous_28)
FN:261,(anonymous_29)
FN:264,(anonymous_30)
FN:279,(anonymous_31)
FN:285,(anonymous_32)
FN:287,(anonymous_33)
FN:290,(anonymous_34)
FN:297,(anonymous_35)
FN:315,(anonymous_36)
FN:328,(anonymous_37)
FNF:37
FNH:1
FNDA:9,(anonymous_1)
FNDA:0,(anonymous_2)
FNDA:0,(anonymous_3)
FNDA:0,(anonymous_4)
FNDA:0,(anonymous_5)
FNDA:0,(anonymous_6)
FNDA:0,(anonymous_7)
FNDA:0,(anonymous_8)
FNDA:0,(anonymous_9)
FNDA:0,(anonymous_10)
FNDA:0,(anonymous_11)
FNDA:0,(anonymous_12)
FNDA:0,(anonymous_13)
FNDA:0,(anonymous_14)
FNDA:0,(anonymous_15)
FNDA:0,(anonymous_16)
FNDA:0,(anonymous_17)
FNDA:0,(anonymous_18)
FNDA:0,(anonymous_19)
FNDA:0,(anonymous_20)
FNDA:0,(anonymous_21)
FNDA:0,(anonymous_22)
FNDA:0,(anonymous_23)
FNDA:0,(anonymous_24)
FNDA:0,(anonymous_25)
FNDA:0,(anonymous_26)
FNDA:0,(anonymous_27)
FNDA:0,(anonymous_28)
FNDA:0,(anonymous_29)
FNDA:0,(anonymous_30)
FNDA:0,(anonymous_31)
FNDA:0,(anonymous_32)
FNDA:0,(anonymous_33)
FNDA:0,(anonymous_34)
FNDA:0,(anonymous_35)
FNDA:0,(anonymous_36)
FNDA:0,(anonymous_37)
DA:3,1
DA:4,9
DA:15,9
DA:17,0
DA:20,0
DA:24,0
DA:25,0
DA:27,0
DA:29,0
DA:33,0
DA:34,0
DA:36,0
DA:38,0
DA:40,0
DA:42,0
DA:48,0
DA:49,0
DA:50,0
DA:51,0
DA:52,0
DA:55,0
DA:56,0
DA:57,0
DA:64,0
DA:66,0
DA:67,0
DA:68,0
DA:69,0
DA:71,0
DA:72,0
DA:73,0
DA:74,0
DA:75,0
DA:76,0
DA:81,0
DA:86,0
DA:87,0
DA:88,0
DA:89,0
DA:90,0
DA:93,0
DA:94,0
DA:95,0
DA:108,0
DA:110,0
DA:111,0
DA:112,0
DA:113,0
DA:114,0
DA:117,0
DA:118,0
DA:119,0
DA:120,0
DA:125,0
DA:126,0
DA:127,0
DA:128,0
DA:137,0
DA:138,0
DA:139,0
DA:141,0
DA:142,0
DA:143,0
DA:146,0
DA:151,0
DA:152,0
DA:153,0
DA:154,0
DA:155,0
DA:158,0
DA:159,0
DA:160,0
DA:173,0
DA:175,0
DA:176,0
DA:177,0
DA:178,0
DA:179,0
DA:180,0
DA:181,0
DA:182,0
DA:190,0
DA:191,0
DA:192,0
DA:193,0
DA:195,0
DA:196,0
DA:197,0
DA:199,0
DA:202,0
DA:206,0
DA:207,0
DA:208,0
DA:209,0
DA:210,0
DA:213,0
DA:214,0
DA:215,0
DA:223,0
DA:224,0
DA:225,0
DA:226,0
DA:227,0
DA:228,0
DA:233,0
DA:234,0
DA:237,0
DA:241,0
DA:252,0
DA:254,0
DA:255,0
DA:258,0
DA:259,0
DA:261,0
DA:262,0
DA:263,0
DA:264,0
DA:265,0
DA:266,0
DA:267,0
DA:270,0
DA:277,0
DA:282,0
DA:283,0
DA:284,0
DA:285,0
DA:286,0
DA:288,0
DA:291,0
DA:296,0
DA:297,0
DA:298,0
DA:308,0
DA:309,0
DA:310,0
DA:311,0
DA:312,0
DA:315,0
DA:316,0
DA:317,0
DA:325,0
DA:328,0
DA:329,0
DA:330,0
DA:331,0
DA:334,0
DA:337,9
LF:147
LH:4
BRDA:24,1,0,0
BRDA:24,1,1,0
BRDA:25,2,0,0
BRDA:25,2,1,0
BRDA:33,3,0,0
BRDA:33,3,1,0
BRDA:33,4,0,0
BRDA:33,4,1,0
BRDA:34,5,0,0
BRDA:34,5,1,0
BRDA:34,5,2,0
BRDA:34,5,3,0
BRDA:56,6,0,0
BRDA:56,6,1,0
BRDA:68,7,0,0
BRDA:68,7,1,0
BRDA:68,8,0,0
BRDA:68,8,1,0
BRDA:71,9,0,0
BRDA:71,9,1,0
BRDA:72,10,0,0
BRDA:72,10,1,0
BRDA:94,11,0,0
BRDA:94,11,1,0
BRDA:113,12,0,0
BRDA:113,12,1,0
BRDA:117,13,0,0
BRDA:117,13,1,0
BRDA:117,14,0,0
BRDA:117,14,1,0
BRDA:117,14,2,0
BRDA:119,15,0,0
BRDA:119,15,1,0
BRDA:125,16,0,0
BRDA:125,16,1,0
BRDA:125,17,0,0
BRDA:125,17,1,0
BRDA:127,18,0,0
BRDA:127,18,1,0
BRDA:138,19,0,0
BRDA:138,19,1,0
BRDA:142,20,0,0
BRDA:142,20,1,0
BRDA:159,21,0,0
BRDA:159,21,1,0
BRDA:178,22,0,0
BRDA:178,22,1,0
BRDA:181,23,0,0
BRDA:181,23,1,0
BRDA:191,24,0,0
BRDA:191,24,1,0
BRDA:192,25,0,0
BRDA:192,25,1,0
BRDA:193,26,0,0
BRDA:193,26,1,0
BRDA:195,27,0,0
BRDA:195,27,1,0
BRDA:196,28,0,0
BRDA:196,28,1,0
BRDA:197,29,0,0
BRDA:197,29,1,0
BRDA:214,30,0,0
BRDA:214,30,1,0
BRDA:225,31,0,0
BRDA:225,31,1,0
BRDA:226,32,0,0
BRDA:226,32,1,0
BRDA:228,33,0,0
BRDA:228,33,1,0
BRDA:234,34,0,0
BRDA:234,34,1,0
BRDA:265,35,0,0
BRDA:265,35,1,0
BRDA:283,36,0,0
BRDA:283,36,1,0
BRDA:288,37,0,0
BRDA:288,37,1,0
BRDA:291,38,0,0
BRDA:291,38,1,0
BRDA:300,39,0,0
BRDA:300,39,1,0
BRDA:316,40,0,0
BRDA:316,40,1,0
BRDA:329,41,0,0
BRDA:329,41,1,0
BRDA:330,42,0,0
BRDA:330,42,1,0
BRDA:331,43,0,0
BRDA:331,43,1,0
BRF:89
BRH:0
end_of_record
TN:
SF:F:\Dev\BoardOS\client\components\factory\util.js
FN:3,preventCache
FNF:1
FNH:0
FNDA:0,preventCache
DA:3,1
DA:4,0
LF:2
LH:1
BRF:0
BRH:0
end_of_record
TN:
SF:F:\Dev\BoardOS\client\components\modal\modal.service.js
FN:4,(anonymous_1)
FN:11,openModal
FN:36,(anonymous_3)
FN:44,(anonymous_4)
FN:57,(anonymous_5)
FN:63,(anonymous_6)
FN:70,(anonymous_7)
FNF:7
FNH:0
FNDA:0,(anonymous_1)
FNDA:0,openModal
FNDA:0,(anonymous_3)
FNDA:0,(anonymous_4)
FNDA:0,(anonymous_5)
FNDA:0,(anonymous_6)
FNDA:0,(anonymous_7)
DA:3,1
DA:11,1
DA:12,0
DA:13,0
DA:14,0
DA:16,0
DA:18,0
DA:26,0
DA:37,0
DA:44,0
DA:45,0
DA:49,0
DA:58,0
DA:64,0
DA:70,0
DA:71,0
LF:16
LH:2
BRDA:13,1,0,0
BRDA:13,1,1,0
BRDA:14,2,0,0
BRDA:14,2,1,0
BRDA:37,3,0,0
BRDA:37,3,1,0
BRF:6
BRH:0
end_of_record
TN:
SF:F:\Dev\BoardOS\client\components\mongoose-error\mongoose-error.directive.js
FN:7,(anonymous_1)
FN:11,(anonymous_2)
FN:12,(anonymous_3)
FNF:3
FNH:0
FNDA:0,(anonymous_1)
FNDA:0,(anonymous_2)
FNDA:0,(anonymous_3)
DA:6,1
DA:8,0
DA:12,0
DA:13,0
LF:4
LH:1
BRF:0
BRH:0
end_of_record
TN:
SF:F:\Dev\BoardOS\client\components\navbar\navbar.controller.js
FN:4,(anonymous_1)
FN:6,(anonymous_2)
FN:18,(anonymous_3)
FN:20,(anonymous_4)
FN:30,(anonymous_5)
FN:38,(anonymous_6)
FN:44,(anonymous_7)
FN:51,(anonymous_8)
FN:52,(anonymous_9)
FN:69,(anonymous_10)
FN:76,(anonymous_11)
FN:81,(anonymous_12)
FN:87,(anonymous_13)
FN:93,(anonymous_14)
FNF:14
FNH:0
FNDA:0,(anonymous_1)
FNDA:0,(anonymous_2)
FNDA:0,(anonymous_3)
FNDA:0,(anonymous_4)
FNDA:0,(anonymous_5)
FNDA:0,(anonymous_6)
FNDA:0,(anonymous_7)
FNDA:0,(anonymous_8)
FNDA:0,(anonymous_9)
FNDA:0,(anonymous_10)
FNDA:0,(anonymous_11)
FNDA:0,(anonymous_12)
FNDA:0,(anonymous_13)
FNDA:0,(anonymous_14)
DA:3,1
DA:6,0
DA:7,0
DA:8,0
DA:9,0
DA:10,0
DA:12,0
DA:13,0
DA:18,0
DA:19,0
DA:20,0
DA:21,0
DA:23,0
DA:24,0
DA:26,0
DA:30,0
DA:31,0
DA:38,0
DA:39,0
DA:44,0
DA:45,0
DA:51,0
DA:52,0
DA:53,0
DA:54,0
DA:55,0
DA:56,0
DA:57,0
DA:58,0
DA:61,0
DA:63,0
DA:64,0
DA:67,0
DA:69,0
DA:70,0
DA:71,0
DA:72,0
DA:76,0
DA:77,0
DA:82,0
DA:83,0
DA:87,0
DA:88,0
DA:89,0
DA:90,0
DA:93,0
DA:94,0
DA:97,0
DA:98,0
DA:99,0
LF:50
LH:1
BRDA:9,1,0,0
BRDA:9,1,1,0
BRDA:10,2,0,0
BRDA:10,2,1,0
BRDA:23,3,0,0
BRDA:23,3,1,0
BRDA:56,4,0,0
BRDA:56,4,1,0
BRDA:56,5,0,0
BRDA:56,5,1,0
BRDA:56,5,2,0
BRDA:56,5,3,0
BRDA:97,6,0,0
BRDA:97,6,1,0
BRDA:97,7,0,0
BRDA:97,7,1,0
BRF:16
BRH:0
end_of_record
TN:
SF:F:\Dev\BoardOS\client\components\navbar\navbar.controller.spec.js
FN:3,(anonymous_1)
FN:11,(anonymous_2)
FN:415,(anonymous_3)
FNF:3
FNH:1
FNDA:1,(anonymous_1)
FNDA:0,(anonymous_2)
FNDA:0,(anonymous_3)
DA:3,1
DA:4,1
DA:5,1
DA:8,1
DA:11,1
DA:13,0
DA:16,0
DA:405,0
DA:407,0
DA:410,0
DA:411,0
DA:412,0
DA:414,0
DA:415,0
DA:416,0
LF:15
LH:5
BRF:0
BRH:0
end_of_record
TN:
SF:F:\Dev\BoardOS\client\components\socket\socket.mock.js
FN:4,(anonymous_1)
FN:7,(anonymous_2)
FN:8,(anonymous_3)
FN:9,(anonymous_4)
FN:10,(anonymous_5)
FN:13,(anonymous_6)
FN:14,(anonymous_7)
FNF:7
FNH:0
FNDA:0,(anonymous_1)
FNDA:0,(anonymous_2)
FNDA:0,(anonymous_3)
FNDA:0,(anonymous_4)
FNDA:0,(anonymous_5)
FNDA:0,(anonymous_6)
FNDA:0,(anonymous_7)
DA:3,1
DA:5,0
LF:2
LH:1
BRF:0
BRH:0
end_of_record
TN:
SF:F:\Dev\BoardOS\client\components\socket\socket.service.js
FN:5,(anonymous_1)
FN:31,(anonymous_2)
FN:32,(anonymous_3)
FN:34,(anonymous_4)
FN:39,(anonymous_5)
FN:40,(anonymous_6)
FN:42,(anonymous_7)
FNF:7
FNH:2
FNDA:1,(anonymous_1)
FNDA:4,(anonymous_2)
FNDA:0,(anonymous_3)
FNDA:0,(anonymous_4)
FNDA:0,(anonymous_5)
FNDA:0,(anonymous_6)
FNDA:0,(anonymous_7)
DA:4,1
DA:8,1
DA:14,1
DA:18,1
DA:32,4
DA:33,0
DA:34,0
DA:35,0
DA:40,0
DA:41,0
DA:42,0
DA:43,0
DA:44,0
LF:13
LH:5
BRDA:43,1,0,0
BRDA:43,1,1,0
BRF:2
BRH:0
end_of_record
